 
 0.999984 1.001 0
  0.999951 1.002 0
  0.999901 1.003 0
  0.999836 1.004 0
  0.999754 1.005 0
  0.999655 1.006 0
  0.999541 1.007 0
  0.99941 1.008 0
  0.999263 1.009 0
  0.9991 1.01 0
  0.998921 1.011 0
  0.998726 1.012 0
  0.998514 1.013 0
  0.998287 1.014 0
  0.998044 1.015 0
  0.997785 1.016 0
  0.99751 1.017 0
  0.997219 1.018 0
  0.996913 1.019 0
  0.996591 1.02 0
  0.996253 1.021 0
  0.995899 1.022 0
  0.99553 1.023 0
  0.995145 1.024 0
  0.994745 1.025 0
  0.994329 1.026 0
  0.993898 1.027 0
  0.993451 1.028 0
  0.992989 1.029 0
  0.992512 1.03 0
  0.992019 1.031 0
  0.991511 1.032 0
  0.990988 1.033 0
  0.99045 1.034 0
  0.989896 1.035 0
  0.989327 1.036 0
  0.988744 1.037 0
  0.988145 1.038 0
  0.987531 1.039 0
  0.986903 1.04 0
  0.986259 1.041 0
  0.985601 1.042 0
  0.984927 1.043 0
  0.984239 1.044 0
  0.983536 1.045 0
  0.982819 1.046 0
  0.982087 1.047 0
  0.98134 1.048 0
  0.980578 1.049 0
  0.979802 1.05 0
  0.979012 1.051 0
  0.978207 1.052 0
  0.977387 1.053 0
  0.976553 1.054 0
  0.975705 1.055 0
  0.974843 1.056 0
  0.973966 1.057 0
  0.973075 1.058 0
  0.97217 1.059 0
  0.97125 1.06 0
  0.970317 1.061 0
  0.969369 1.062 0
  0.968407 1.063 0
  0.967432 1.064 0
  0.966442 1.065 0
  0.965438 1.066 0
  0.964421 1.067 0
  0.96339 1.068 0
  0.962344 1.069 0
  0.961286 1.07 0
  0.960213 1.071 0
  0.959127 1.072 0
  0.958027 1.073 0
  0.956913 1.074 0
  0.955786 1.075 0
  0.954645 1.076 0
  0.953491 1.077 0
  0.952324 1.078 0
  0.951143 1.079 0
  0.949948 1.08 0
  0.94874 1.081 0
  0.947519 1.082 0
  0.946285 1.083 0
  0.945038 1.084 0
  0.943777 1.085 0
  0.942503 1.086 0
  0.941216 1.087 0
  0.939916 1.088 0
  0.938603 1.089 0
  0.937277 1.09 0
  0.935938 1.091 0
  0.934586 1.092 0
  0.933222 1.093 0
  0.931844 1.094 0
  0.930454 1.095 0
  0.929051 1.096 0
  0.927635 1.097 0
  0.926207 1.098 0
  0.924766 1.099 0
  0.923312 1.1 0
  0.921846 1.101 0
  0.920367 1.102 0
  0.918876 1.103 0
  0.917373 1.104 0
  0.915857 1.105 0
  0.914328 1.106 0
  0.912788 1.107 0
  0.911235 1.108 0
  0.90967 1.109 0
  0.908093 1.11 0
  0.906503 1.111 0
  0.904902 1.112 0
  0.903288 1.113 0
  0.901663 1.114 0
  0.900025 1.115 0
  0.898375 1.116 0
  0.896714 1.117 0
  0.895041 1.118 0
  0.893355 1.119 0
  0.891658 1.12 0
  0.88995 1.121 0
  0.888229 1.122 0
  0.886497 1.123 0
  0.884753 1.124 0
  0.882998 1.125 0
  0.881231 1.126 0
  0.879453 1.127 0
  0.877663 1.128 0
  0.875862 1.129 0
  0.874049 1.13 0
  0.872225 1.131 0
  0.87039 1.132 0
  0.868543 1.133 0
  0.866685 1.134 0
  0.864816 1.135 0
  0.862936 1.136 0
  0.861045 1.137 0
  0.859142 1.138 0
  0.857229 1.139 0
  0.855304 1.14 0
  0.853369 1.141 0
  0.851423 1.142 0
  0.849465 1.143 0
  0.847497 1.144 0
  0.845519 1.145 0
  0.843529 1.146 0
  0.841529 1.147 0
  0.839518 1.148 0
  0.837496 1.149 0
  0.835464 1.15 0
  0.833422 1.151 0
  0.831368 1.152 0
  0.829305 1.153 0
  0.827231 1.154 0
  0.825146 1.155 0
  0.823051 1.156 0
  0.820946 1.157 0
  0.818831 1.158 0
  0.816705 1.159 0
  0.814569 1.16 0
  0.812423 1.161 0
  0.810267 1.162 0
  0.808101 1.163 0
  0.805924 1.164 0
  0.803738 1.165 0
  0.801542 1.166 0
  0.799336 1.167 0
  0.79712 1.168 0
  0.794894 1.169 0
  0.792659 1.17 0
  0.790413 1.171 0
  0.788158 1.172 0
  0.785894 1.173 0
  0.783619 1.174 0
  0.781335 1.175 0
  0.779042 1.176 0
  0.776739 1.177 0
  0.774427 1.178 0
  0.772105 1.179 0
  0.769773 1.18 0
  0.767433 1.181 0
  0.765083 1.182 0
  0.762724 1.183 0
  0.760356 1.184 0
  0.757978 1.185 0
  0.755591 1.186 0
  0.753196 1.187 0
  0.750791 1.188 0
  0.748377 1.189 0
  0.745954 1.19 0
  0.743522 1.191 0
  0.741082 1.192 0
  0.738632 1.193 0
  0.736174 1.194 0
  0.733707 1.195 0
  0.731231 1.196 0
  0.728746 1.197 0
  0.726253 1.198 0
  0.723751 1.199 0
  0.721241 1.2 0
  0.718722 1.201 0
  0.716195 1.202 0
  0.713659 1.203 0
  0.711115 1.204 0
  0.708562 1.205 0
  0.706001 1.206 0
  0.703432 1.207 0
  0.700854 1.208 0
  0.698269 1.209 0
  0.695675 1.21 0
  0.693073 1.211 0
  0.690463 1.212 0
  0.687845 1.213 0
  0.685219 1.214 0
  0.682585 1.215 0
  0.679943 1.216 0
  0.677293 1.217 0
  0.674636 1.218 0
  0.67197 1.219 0
  0.669297 1.22 0
  0.666616 1.221 0
  0.663928 1.222 0
  0.661232 1.223 0
  0.658528 1.224 0
  0.655817 1.225 0
  0.653098 1.226 0
  0.650372 1.227 0
  0.647638 1.228 0
  0.644897 1.229 0
  0.642149 1.23 0
  0.639393 1.231 0
  0.63663 1.232 0
  0.63386 1.233 0
  0.631083 1.234 0
  0.628298 1.235 0
  0.625507 1.236 0
  0.622708 1.237 0
  0.619903 1.238 0
  0.61709 1.239 0
  0.614271 1.24 0
  0.611444 1.241 0
  0.608611 1.242 0
  0.605771 1.243 0
  0.602925 1.244 0
  0.600071 1.245 0
  0.597211 1.246 0
  0.594344 1.247 0
  0.591471 1.248 0
  0.588591 1.249 0
  0.585705 1.25 0
  0.582812 1.251 0
  0.579913 1.252 0
  0.577007 1.253 0
  0.574095 1.254 0
  0.571177 1.255 0
  0.568253 1.256 0
  0.565322 1.257 0
  0.562385 1.258 0
  0.559442 1.259 0
  0.556493 1.26 0
  0.553538 1.261 0
  0.550577 1.262 0
  0.547609 1.263 0
  0.544636 1.264 0
  0.541657 1.265 0
  0.538673 1.266 0
  0.535682 1.267 0
  0.532686 1.268 0
  0.529684 1.269 0
  0.526676 1.27 0
  0.523663 1.271 0
  0.520644 1.272 0
  0.51762 1.273 0
  0.51459 1.274 0
  0.511555 1.275 0
  0.508514 1.276 0
  0.505468 1.277 0
  0.502416 1.278 0
  0.499359 1.279 0
  0.496297 1.28 0
  0.49323 1.281 0
  0.490158 1.282 0
  0.48708 1.283 0
  0.483998 1.284 0
  0.48091 1.285 0
  0.477818 1.286 0
  0.47472 1.287 0
  0.471618 1.288 0
  0.46851 1.289 0
  0.465398 1.29 0
  0.462281 1.291 0
  0.45916 1.292 0
  0.456033 1.293 0
  0.452903 1.294 0
  0.449767 1.295 0
  0.446627 1.296 0
  0.443482 1.297 0
  0.440333 1.298 0
  0.437179 1.299 0
  0.434021 1.3 0
  0.430859 1.301 0
  0.427692 1.302 0
  0.424521 1.303 0
  0.421346 1.304 0
  0.418167 1.305 0
  0.414984 1.306 0
  0.411796 1.307 0
  0.408604 1.308 0
  0.405409 1.309 0
  0.402209 1.31 0
  0.399006 1.31099 0
  0.395798 1.31199 0
  0.392587 1.31299 0
  0.389372 1.31399 0
  0.386153 1.31499 0
  0.38293 1.31599 0
  0.379704 1.31699 0
  0.376474 1.31799 0
  0.373241 1.31899 0
  0.370004 1.31999 0
  0.366764 1.32098 0
  0.36352 1.32198 0
  0.360272 1.32298 0
  0.357022 1.32398 0
  0.353768 1.32498 0
  0.35051 1.32597 0
  0.34725 1.32697 0
  0.343986 1.32797 0
  0.340719 1.32896 0
  0.337449 1.32996 0
  0.334176 1.33095 0
  0.3309 1.33195 0
  0.327621 1.33294 0
  0.324339 1.33394 0
  0.321054 1.33493 0
  0.317766 1.33592 0
  0.314475 1.33691 0
  0.311182 1.3379 0
  0.307886 1.33889 0
  0.304587 1.33988 0
  0.301286 1.34086 0
  0.297982 1.34185 0
  0.294675 1.34283 0
  0.291366 1.34381 0
  0.288054 1.34479 0
  0.28474 1.34577 0
  0.281424 1.34674 0
  0.278105 1.34771 0
  0.274784 1.34867 0
  0.271461 1.34963 0
  0.268135 1.35059 0
  0.264808 1.35154 0
  0.261478 1.35249 0
  0.258146 1.35343 0
  0.254812 1.35436 0
  0.251476 1.35529 0
  0.248139 1.3562 0
  0.244799 1.35711 0
  0.241457 1.35801 0
  0.238114 1.35889 0
  0.234769 1.35976 0
  0.231422 1.36061 0
  0.228073 1.36145 0
  0.224723 1.36226 0
  0.221371 1.36306 0
  0.218017 1.36383 0
  0.214663 1.36457 0
  0.211306 1.36528 0
  0.207948 1.36596 0
  0.204589 1.3666 0
  0.201228 1.36719 0
  0.197867 1.36774 0
  0.194503 1.36824 0
  0.191139 1.36867 0
  0.187773 1.36904 0
  0.184407 1.36933 0
  0.181039 1.36954 0
  0.17767 1.36966 0
  0.1743 1.36967 0
  0.17093 1.36956 0
  0.167558 1.36933 0
  0.164185 1.36894 0
  0.160812 1.3684 0
  0.157438 1.36768 0
  0.154063 1.36675 0
  0.150688 1.3656 0
  0.147311 1.3642 0
  0.143934 1.36252 0
  0.140557 1.36053 0
  0.137179 1.35821 0
  0.133801 1.3555 0
  0.130422 1.35237 0
  0.127043 1.34877 0
  0.123663 1.34466 0
  0.120283 1.33999 0
  0.116903 1.33469 0
  0.113523 1.32871 0
  0.110142 1.32198 0
  0.106762 1.31443 0
  0.103381 1.30598 0
  0.1 1.29657 0  