 
 0.998845 1.001 0
  0.996587 1.002 0
  0.99328 1.003 0
  0.988974 1.004 0
  0.983718 1.005 0
  0.977562 1.006 0
  0.970552 1.007 0
  0.962735 1.008 0
  0.954155 1.009 0
  0.944857 1.01 0
  0.934882 1.011 0
  0.924273 1.012 0
  0.913071 1.013 0
  0.901313 1.014 0
  0.889039 1.015 0
  0.876285 1.016 0
  0.863087 1.017 0
  0.84948 1.018 0
  0.835499 1.019 0
  0.821175 1.02 0
  0.806541 1.021 0
  0.791626 1.022 0
  0.776462 1.023 0
  0.761076 1.024 0
  0.745497 1.025 0
  0.72975 1.026 0
  0.713862 1.027 0
  0.697859 1.028 0
  0.681762 1.029 0
  0.665597 1.03 0
  0.649385 1.031 0
  0.633147 1.032 0
  0.616904 1.033 0
  0.600675 1.034 0
  0.58448 1.035 0
  0.568336 1.036 0
  0.55226 1.037 0
  0.53627 1.038 0
  0.520381 1.039 0
  0.504607 1.04 0
  0.488963 1.041 0
  0.473463 1.042 0
  0.45812 1.043 0
  0.442945 1.044 0
  0.427951 1.045 0
  0.413147 1.046 0
  0.398546 1.047 0
  0.384155 1.048 0
  0.369985 1.049 0
  0.356043 1.05 0
  0.342338 1.051 0
  0.328877 1.052 0
  0.315666 1.053 0
  0.302713 1.054 0
  0.290022 1.055 0
  0.2776 1.05599 0
  0.265451 1.05699 0
  0.253578 1.05798 0
  0.241987 1.05897 0
  0.230681 1.05995 0
  0.219661 1.06092 0
  0.208932 1.06189 0
  0.198494 1.06283 0
  0.188351 1.06375 0
  0.178502 1.06465 0
  0.168949 1.0655 0
  0.159693 1.06629 0
  0.150733 1.06701 0
  0.142069 1.06764 0
  0.133702 1.06814 0
  0.125629 1.06849 0
  0.11785 1.06865 0
  0.110363 1.06856 0
  0.103166 1.06819 0
  0.0962576 1.06748 0
  0.0896348 1.06637 0
  0.0832949 1.0648 0
  0.0772348 1.06273 0
  0.0714512 1.06008 0
  0.0659406 1.05683 0
  0.0606991 1.05293 0
  0.0557226 1.04837 0
  0.0510066 1.04313 0
  0.0465466 1.03721 0
  0.0423378 1.03063 0
  0.038375 1.02341 0
  0.0346529 1.0156 0
  0.031166 1.00723 0
  0.0279084 0.998352 0
  0.0248743 0.98902 0
  0.0220573 0.979286 0
  0.019451 0.969203 0
  0.0170489 0.958823 0
  0.014844 0.948196 0
  0.0128293 0.937367 0
  0.0109976 0.92638 0
  0.0093413 0.915275 0
  0.00785279 0.904088 0
  0.0065242 0.892853 0
  0.00534744 0.881598 0
  0.00431426 0.87035 0
  0.00341617 0.859131 0
  0.00264451 0.847964 0
  0.00199041 0.836865 0
  0.00144481 0.82585 0
  0.000998449 0.814933 0
  0.000641874 0.804124 0
  0.000365435 0.793435 0
  0.000159287 0.782872 0
  1.33885e-05 0.772441 0
  -8.24953e-05 0.762149 1
  -0.000138796 0.751997 1
  -0.000165346 0.741988 1
  -0.000170792 0.732123 1
  -0.00016233 0.722402 1
  -0.000145662 0.712824 1
  -0.000125076 0.703388 1
  -0.000103619 0.694092 1
  -8.33062e-05 0.684935 1
  -6.53285e-05 0.675913 1
  -5.02612e-05 0.667024 1
  -3.82403e-05 0.658267 1
  -2.91119e-05 0.649639 1
  -2.25506e-05 0.641138 1
  -1.81483e-05 0.632762 1
  -1.54785e-05 0.624509 1
  -1.41302e-05 0.616376 1
  -1.37355e-05 0.608363 1
  -1.39838e-05 0.600467 1
  -1.46257e-05 0.592686 1
  -1.54716e-05 0.58502 1
  -1.63851e-05 0.577465 1
  -1.7273e-05 0.57002 1
  -1.80772e-05 0.562684 1
  -1.87669e-05 0.555456 1
  -1.93309e-05 0.548333 1
  -1.97716e-05 0.541315 1
  -2.01e-05 0.534398 1
  -2.03315e-05 0.527583 1
  -2.04834e-05 0.520868 1
  -2.05728e-05 0.514251 1
  -2.06152e-05 0.507731 1
  -2.06239e-05 0.501306 1
  -2.06099e-05 0.494975 1
  -2.05818e-05 0.488736 1
  -2.05459e-05 0.482589 1
  -2.05067e-05 0.476532 1
  -2.04672e-05 0.470563 1
  -2.04292e-05 0.464681 1
  -2.03935e-05 0.458886 1
  -2.03604e-05 0.453175 1
  -2.03297e-05 0.447548 1
  -2.03012e-05 0.442003 1
  -2.02745e-05 0.436539 1
  -2.02489e-05 0.431155 1
  -2.02243e-05 0.42585 1
  -2.02002e-05 0.420623 1
  -2.01764e-05 0.415471 1
  -2.0153e-05 0.410396 1
  -2.01298e-05 0.405394 1
  -2.01069e-05 0.400466 1
  -2.00845e-05 0.395609 1
  -2.00629e-05 0.390824 1
  -2.00422e-05 0.386109 1
  -2.00228e-05 0.381462 1
  -2.0005e-05 0.376884 1
  -1.99892e-05 0.372372 1
  -1.99757e-05 0.367927 1
  -1.99649e-05 0.363546 1
  -1.99574e-05 0.35923 1
  -1.99534e-05 0.354976 1
  -1.99535e-05 0.350785 1
  -1.99577e-05 0.346655 1
  -1.99657e-05 0.342586 1
  -1.99768e-05 0.338576 1
  -1.99901e-05 0.334625 1
  -2.00047e-05 0.330731 1
  -2.00197e-05 0.326895 1
  -2.00342e-05 0.323114 1
  -2.00474e-05 0.319389 1
  -2.00589e-05 0.315718 1
  -2.00683e-05 0.312101 1
  -2.00753e-05 0.308537 1
  -2.00798e-05 0.305025 1
  -2.00819e-05 0.301564 1
  -2.00815e-05 0.298154 1
  -2.0079e-05 0.294794 1
  -2.00746e-05 0.291483 1
  -2.00685e-05 0.288221 1
  -2.00611e-05 0.285006 1
  -2.00529e-05 0.281838 1
  -2.00442e-05 0.278716 1
  -2.00355e-05 0.27564 1
  -2.00273e-05 0.272609 1
  -2.00202e-05 0.269623 1
  -2.00147e-05 0.26668 1
  -2.00113e-05 0.26378 1
  -2.00102e-05 0.260923 1
  -2.0011e-05 0.258107 1
  -2.00131e-05 0.255332 1
  -2.00158e-05 0.252598 1
  -2.00185e-05 0.249904 1
  -2.00207e-05 0.24725 1
  -2.00219e-05 0.244634 1
  -2.0022e-05 0.242057 1
  -2.00209e-05 0.239517 1
  -2.00186e-05 0.237014 1
  -2.00154e-05 0.234548 1
  -2.00115e-05 0.232118 1
  -2.00073e-05 0.229724 1
  -2.00034e-05 0.227364 1
  -2.00003e-05 0.225039 1
  -1.99982e-05 0.222748 1
  -1.9997e-05 0.220491 1
  -1.99966e-05 0.218267 1
  -1.99966e-05 0.216075 1
  -1.9997e-05 0.213915 1
  -1.99975e-05 0.211787 1
  -1.99981e-05 0.209689 1
  -1.99988e-05 0.207623 1
  -1.99998e-05 0.205587 1
  -2.0001e-05 0.20358 1
  -2.00023e-05 0.201603 1
  -2.00033e-05 0.199655 1
  -2.0004e-05 0.197735 1
  -2.00042e-05 0.195844 1
  -2.00037e-05 0.19398 1
  -2.00027e-05 0.192143 1
  -2.00013e-05 0.190333 1
  -1.99994e-05 0.18855 1
  -1.99976e-05 0.186792 1
  -1.99959e-05 0.185061 1
  -1.99946e-05 0.183354 1
  -1.99937e-05 0.181673 1
  -1.99931e-05 0.180016 1
  -1.99929e-05 0.178384 1
  -1.9993e-05 0.176775 1
  -1.99934e-05 0.17519 1
  -1.99941e-05 0.173628 1
  -1.99949e-05 0.172089 1
  -1.99957e-05 0.170572 1
  -1.99963e-05 0.169078 1
  -1.99966e-05 0.167605 1
  -1.99966e-05 0.166154 1
  -1.99964e-05 0.164725 1
  -1.99959e-05 0.163316 1
  -1.99953e-05 0.161927 1
  -1.99947e-05 0.160559 1
  -1.99941e-05 0.159211 1
  -1.99937e-05 0.157883 1
  -1.99933e-05 0.156574 1
  -1.9993e-05 0.155285 1
  -1.99927e-05 0.154014 1
  -1.99925e-05 0.152762 1
  -1.99925e-05 0.151528 1
  -1.99925e-05 0.150312 1
  -1.99926e-05 0.149114 1
  -1.99928e-05 0.147933 1
  -1.9993e-05 0.14677 1
  -1.99931e-05 0.145623 1
  -1.99932e-05 0.144494 1
  -1.99933e-05 0.143381 1
  -1.99934e-05 0.142284 1
  -1.99935e-05 0.141203 1
  -1.99937e-05 0.140138 1
  -1.99939e-05 0.139089 1
  -1.9994e-05 0.138055 1
  -1.99941e-05 0.137036 1
  -1.99941e-05 0.136032 1
  -1.99941e-05 0.135043 1
  -1.99942e-05 0.134068 1
  -1.99942e-05 0.133107 1
  -1.99943e-05 0.132161 1
  -1.99944e-05 0.131228 1
  -1.99944e-05 0.130309 1
  -1.99944e-05 0.129403 1
  -1.99943e-05 0.128511 1
  -1.99943e-05 0.127632 1
  -1.99942e-05 0.126765 1
  -1.99941e-05 0.125912 1
  -1.99941e-05 0.12507 1
  -1.99942e-05 0.124241 1
  -1.99943e-05 0.123424 1
  -1.99944e-05 0.122619 1
  -1.99945e-05 0.121826 1
  -1.99947e-05 0.121045 1
  -1.99949e-05 0.120275 1
  -1.99951e-05 0.119516 1
  -1.99952e-05 0.118768 1
  -1.99954e-05 0.118031 1
  -1.99954e-05 0.117305 1
  -1.99953e-05 0.11659 1
  -1.99951e-05 0.115885 1
  -1.99948e-05 0.11519 1
  -1.99943e-05 0.114505 1
  -1.99937e-05 0.113831 1
  -1.9993e-05 0.113166 1
  -1.99922e-05 0.112511 1
  -1.99914e-05 0.111866 1
  -1.99907e-05 0.11123 1
  -1.99902e-05 0.110604 1
  -1.999e-05 0.109986 1
  -1.99905e-05 0.109378 1
  -1.99917e-05 0.108778 1
  -1.99942e-05 0.108187 1
  -1.99983e-05 0.107605 1
  -2.00043e-05 0.107032 1
  -2.00126e-05 0.106466 1
  -2.00235e-05 0.10591 1
  -2.00372e-05 0.105361 1
  -2.00534e-05 0.10482 1
  -2.00716e-05 0.104287 1
  -2.00907e-05 0.103762 1
  -2.01088e-05 0.103245 1
  -2.01232e-05 0.102735 1
  -2.01298e-05 0.102232 1
  -2.01236e-05 0.101737 1
  -2.00978e-05 0.10125 1
  -2.00447e-05 0.100769 1
  -1.99553e-05 0.100295 1
  -1.98205e-05 0.0998287 1
  -1.96311e-05 0.0993688 1
  -1.93801e-05 0.0989156 1
  -1.90639e-05 0.0984691 1
  -1.86852e-05 0.0980292 1
  -1.8256e-05 0.0975956 1
  -1.78014e-05 0.0971684 1
  -1.73638e-05 0.0967475 1
  -1.70079e-05 0.0963327 1
  -1.68244e-05 0.095924 1
  -1.69341e-05 0.0955213 1
  -1.74894e-05 0.0951244 1
  -1.86734e-05 0.0947334 1
  -2.06942e-05 0.094348 1
  -2.37732e-05 0.0939683 1
  -2.81248e-05 0.0935941 1
  -3.39257e-05 0.0932253 1
  -4.12711e-05 0.0928618 1
  -5.01172e-05 0.0925035 1
  -6.0207e-05 0.0921504 1
  -7.09828e-05 0.0918024 1
  -8.14843e-05 0.0914592 1
  -9.02415e-05 0.091121 1
  -9.51695e-05 0.0907877 1
  -9.34807e-05 0.0904591 1
  -8.16358e-05 0.0901354 1
  -5.53608e-05 0.0898165 1
  -9.76491e-06 0.0895027 1
  6.03961e-05 0.0891939 0
  0.000160264 0.0888905 0
  0.000294781 0.0885927 0
  0.000468689 0.0883008 0
  0.000686529 0.0880152 0
  0.000952641 0.0877363 0
  0.00127117 0.0874645 0
  0.00164605 0.0872004 0
  0.00208101 0.0869444 0
  0.00257961 0.0866973 0
  0.00314517 0.0864596 0
  0.00378082 0.0862319 0
  0.00448949 0.0860151 0
  0.00527391 0.0858098 0
  0.0061366 0.0856168 0
  0.00707986 0.085437 0
  0.00810582 0.0852713 0
  0.00921637 0.0851205 0
  0.0104132 0.0849857 0
  0.0116978 0.0848679 0
  0.0130715 0.084768 0
  0.0145352 0.0846874 0
  0.01609 0.0846269 0
  0.0177363 0.0845879 0
  0.0194746 0.0845715 0
  0.0213051 0.0845789 0
  0.0232279 0.0846114 0
  0.0252426 0.0846702 0
  0.0273487 0.0847565 0
  0.0295457 0.0848715 0
  0.0318326 0.0850164 0
  0.0342082 0.0851922 0
  0.0366712 0.0853999 0
  0.0392199 0.0856405 0
  0.0418526 0.0859146 0
  0.0445671 0.086223 0
  0.047361 0.0865661 0
  0.0502319 0.0869442 0
  0.0531769 0.0873573 0
  0.0561929 0.0878053 0
  0.0592766 0.0882879 0
  0.0624244 0.0888046 0
  0.0656325 0.0893547 0
  0.0688968 0.0899371 0
  0.0722129 0.0905508 0
  0.0755762 0.0911946 0
  0.0789818 0.0918671 0
  0.0824244 0.0925667 0
  0.0858987 0.0932921 0
  0.0893989 0.0940415 0
  0.0929189 0.0948133 0
  0.0964524 0.0956059 0
  0.0999928 0.0964177 0  