 
 0 -1
  0.0790026 -0.995296
  0.157862 -0.987855
  0.236434 -0.977688
  0.314578 -0.964814
  0.392152 -0.949259
  0.469017 -0.931057
  0.545035 -0.910247
  0.62007 -0.886879
  0.69399 -0.861007
  0.766667 -0.832692
  0.837972 -0.802004
  0.907785 -0.769017
  0.975987 -0.733813
  1.04246 -0.696478
  1.10711 -0.657107
  1.16981 -0.615797
  1.23048 -0.572654
  1.28902 -0.527785
  1.34534 -0.481306
  1.39936 -0.433333
  1.45101 -0.38399
  1.50021 -0.333403
  1.54691 -0.281701
  1.59106 -0.229017
  1.63259 -0.175486
  1.67148 -0.121245
  1.70769 -0.0664345
  1.74119 -0.0111951
  1.77196 0.0443307
  1.8 0.1  