 
 0 -1
  0.0395103 -0.997991
  0.0790026 -0.995296
  0.118459 -0.991917
  0.157862 -0.987855
  0.197193 -0.983112
  0.236434 -0.977688
  0.275569 -0.971588
  0.314578 -0.964814
  0.353445 -0.95737
  0.392152 -0.949259
  0.430682 -0.940486
  0.469017 -0.931057
  0.50714 -0.920975
  0.545035 -0.910247
  0.582683 -0.89888
  0.62007 -0.886879
  0.657178 -0.874252
  0.69399 -0.861007
  0.730492 -0.84715
  0.766667 -0.832692
  0.802499 -0.81764
  0.837972 -0.802004
  0.873073 -0.785793
  0.907785 -0.769017
  0.942095 -0.751687
  0.975987 -0.733813
  1.00945 -0.715406
  1.04246 -0.696478
  1.07502 -0.677041
  1.10711 -0.657107
  1.13871 -0.636688
  1.16981 -0.615797
  1.20041 -0.594448
  1.23048 -0.572654
  1.26002 -0.550428
  1.28902 -0.527785
  1.31746 -0.50474
  1.34534 -0.481306
  1.37264 -0.457499
  1.39936 -0.433333
  1.42548 -0.408825
  1.45101 -0.38399
  1.47592 -0.358844
  1.50021 -0.333403
  1.52388 -0.307683
  1.54691 -0.281701
  1.56931 -0.255474
  1.59106 -0.229017
  1.61215 -0.202349
  1.63259 -0.175486
  1.65237 -0.148445
  1.67148 -0.121245
  1.68992 -0.0939022
  1.70769 -0.0664345
  1.72478 -0.0388595
  1.74119 -0.0111951
  1.75692 0.0165409
  1.77196 0.0443307
  1.78632 0.0721564
  1.8 0.1  