 
 0.999925 1.001 0
  0.999776 1.002 0
  0.999554 1.003 0
  0.999258 1.004 0
  0.99889 1.005 0
  0.998449 1.006 0
  0.997937 1.007 0
  0.997354 1.008 0
  0.996701 1.009 0
  0.995977 1.01 0
  0.995184 1.011 0
  0.994323 1.012 0
  0.993393 1.013 0
  0.992395 1.014 0
  0.99133 1.015 0
  0.990198 1.016 0
  0.989 1.017 0
  0.987737 1.018 0
  0.986408 1.019 0
  0.985014 1.02 0
  0.983557 1.021 0
  0.982036 1.022 0
  0.980452 1.023 0
  0.978806 1.024 0
  0.977097 1.025 0
  0.975328 1.026 0
  0.973497 1.027 0
  0.971606 1.028 0
  0.969655 1.029 0
  0.967645 1.03 0
  0.965577 1.031 0
  0.96345 1.032 0
  0.961265 1.033 0
  0.959024 1.034 0
  0.956726 1.035 0
  0.954371 1.036 0
  0.951962 1.037 0
  0.949497 1.038 0
  0.946978 1.039 0
  0.944405 1.04 0
  0.941778 1.041 0
  0.939099 1.042 0
  0.936367 1.043 0
  0.933584 1.044 0
  0.930749 1.045 0
  0.927864 1.046 0
  0.924928 1.047 0
  0.921943 1.048 0
  0.918909 1.049 0
  0.915826 1.05 0
  0.912695 1.051 0
  0.909517 1.052 0
  0.906291 1.053 0
  0.90302 1.054 0
  0.899702 1.055 0
  0.896339 1.056 0
  0.892931 1.057 0
  0.889479 1.058 0
  0.885983 1.059 0
  0.882444 1.06 0
  0.878862 1.061 0
  0.875238 1.062 0
  0.871572 1.063 0
  0.867866 1.064 0
  0.864118 1.065 0
  0.860331 1.066 0
  0.856504 1.067 0
  0.852638 1.068 0
  0.848734 1.069 0
  0.844792 1.07 0
  0.840813 1.071 0
  0.836797 1.072 0
  0.832744 1.073 0
  0.828656 1.074 0
  0.824532 1.075 0
  0.820374 1.076 0
  0.816182 1.077 0
  0.811956 1.078 0
  0.807697 1.079 0
  0.803405 1.08 0
  0.799082 1.081 0
  0.794727 1.082 0
  0.790341 1.083 0
  0.785924 1.084 0
  0.781478 1.085 0
  0.777003 1.086 0
  0.772498 1.087 0
  0.767966 1.088 0
  0.763405 1.089 0
  0.758818 1.09 0
  0.754203 1.091 0
  0.749563 1.092 0
  0.744897 1.093 0
  0.740206 1.094 0
  0.73549 1.095 0
  0.730751 1.096 0
  0.725988 1.097 0
  0.721202 1.098 0
  0.716393 1.099 0
  0.711563 1.1 0
  0.706712 1.101 0
  0.701839 1.102 0
  0.696947 1.103 0
  0.692034 1.104 0
  0.687103 1.105 0
  0.682153 1.106 0
  0.677184 1.107 0
  0.672199 1.108 0
  0.667196 1.109 0
  0.662176 1.11 0
  0.657141 1.111 0
  0.65209 1.112 0
  0.647024 1.113 0
  0.641944 1.114 0
  0.63685 1.115 0
  0.631743 1.116 0
  0.626623 1.117 0
  0.621491 1.118 0
  0.616347 1.119 0
  0.611192 1.12 0
  0.606026 1.121 0
  0.60085 1.122 0
  0.595664 1.123 0
  0.59047 1.124 0
  0.585267 1.125 0
  0.580056 1.126 0
  0.574838 1.127 0
  0.569612 1.128 0
  0.564381 1.129 0
  0.559143 1.13 0
  0.5539 1.131 0
  0.548653 1.132 0
  0.543401 1.133 0
  0.538146 1.134 0
  0.532887 1.135 0
  0.527626 1.136 0
  0.522363 1.137 0
  0.517098 1.138 0
  0.511832 1.139 0
  0.506566 1.14 0
  0.5013 1.141 0
  0.496034 1.142 0
  0.490769 1.143 0
  0.485507 1.144 0
  0.480246 1.145 0
  0.474988 1.146 0
  0.469733 1.147 0
  0.464482 1.148 0
  0.459236 1.149 0
  0.453994 1.15 0
  0.448758 1.151 0
  0.443527 1.152 0
  0.438304 1.153 0
  0.433087 1.154 0
  0.427877 1.155 0
  0.422676 1.156 0
  0.417483 1.15699 0
  0.4123 1.15799 0
  0.407126 1.15899 0
  0.401963 1.15999 0
  0.39681 1.16099 0
  0.391668 1.16199 0
  0.386538 1.16299 0
  0.381421 1.16399 0
  0.376317 1.16499 0
  0.371225 1.16599 0
  0.366148 1.16699 0
  0.361086 1.16799 0
  0.356038 1.16898 0
  0.351006 1.16998 0
  0.34599 1.17098 0
  0.340991 1.17198 0
  0.336009 1.17297 0
  0.331044 1.17397 0
  0.326098 1.17496 0
  0.321171 1.17596 0
  0.316263 1.17695 0
  0.311374 1.17794 0
  0.306506 1.17893 0
  0.301659 1.17992 0
  0.296834 1.18091 0
  0.29203 1.18189 0
  0.287249 1.18287 0
  0.282491 1.18385 0
  0.277757 1.18482 0
  0.273047 1.18579 0
  0.268361 1.18676 0
  0.263701 1.18772 0
  0.259066 1.18867 0
  0.254457 1.18961 0
  0.249876 1.19054 0
  0.245322 1.19147 0
  0.240795 1.19238 0
  0.236297 1.19327 0
  0.231828 1.19415 0
  0.227389 1.195 0
  0.222979 1.19584 0
  0.2186 1.19665 0
  0.214252 1.19743 0
  0.209936 1.19817 0
  0.205652 1.19887 0
  0.201401 1.19953 0
  0.197183 1.20013 0
  0.192999 1.20068 0
  0.188849 1.20116 0
  0.184734 1.20156 0
  0.180655 1.20187 0
  0.176611 1.20209 0
  0.172604 1.20219 0
  0.168634 1.20216 0
  0.164701 1.20199 0
  0.160807 1.20165 0
  0.156951 1.20114 0
  0.153134 1.20042 0
  0.149356 1.19947 0
  0.145618 1.19827 0
  0.141922 1.19678 0
  0.138266 1.19498 0
  0.134651 1.19283 0
  0.131079 1.19029 0
  0.127549 1.18733 0
  0.124062 1.18391 0
  0.120618 1.17997 0
  0.117219 1.17549 0
  0.113864 1.1704 0
  0.110554 1.16466 0
  0.107289 1.15822 0
  0.10407 1.15104 0
  0.100898 1.14305 0
  0.0977719 1.13422 0
  0.0946935 1.12449 0
  0.091663 1.11383 0
  0.0886806 1.10219 0
  0.0857469 1.08953 0
  0.0828623 1.07583 0
  0.0800272 1.06107 0
  0.077242 1.04522 0
  0.0745071 1.02829 0
  0.0718228 1.01028 0
  0.0691895 0.991201 0
  0.0666074 0.971078 0
  0.064077 0.949947 0
  0.0615983 0.927857 0
  0.0591717 0.904863 0
  0.0567975 0.881033 0
  0.0544757 0.856444 0
  0.0522065 0.831182 0
  0.0499901 0.805338 0
  0.0478267 0.779011 0
  0.0457162 0.752304 0
  0.0436587 0.725323 0
  0.0416542 0.698173 0
  0.0397028 0.67096 0
  0.0378044 0.643791 0
  0.0359589 0.616765 0
  0.0341662 0.589979 0
  0.0324263 0.563525 0
  0.0307388 0.537488 0
  0.0291036 0.511944 0
  0.0275205 0.486964 0
  0.0259892 0.46261 0
  0.0245094 0.438936 0
  0.0230808 0.415986 0
  0.021703 0.393799 0
  0.0203755 0.372403 0
  0.019098 0.351821 0
  0.01787 0.332069 0
  0.016691 0.313153 0
  0.0155604 0.295078 0
  0.0144777 0.277841 0
  0.0134423 0.261433 0
  0.0124535 0.245842 0
  0.0115107 0.231054 0
  0.0106132 0.21705 0
  0.00976015 0.203808 0
  0.00895092 0.191305 0
  0.00818467 0.179515 0
  0.00746058 0.168412 0
  0.00677779 0.157968 0
  0.00613542 0.148157 0
  0.00553255 0.138948 0
  0.00496824 0.130315 0
  0.00444151 0.122228 0
  0.00395137 0.11466 0
  0.00349679 0.107583 0
  0.00307672 0.10097 0
  0.00269006 0.0947968 0
  0.00233572 0.0890366 0
  0.00201253 0.0836657 0
  0.00171934 0.0786607 0
  0.00145493 0.0739993 0
  0.00121806 0.0696602 0
  0.00100746 0.065623 0
  0.000821799 0.0618684 0
  0.000659709 0.0583782 0
  0.000519777 0.0551348 0
  0.000400533 0.052122 0
  0.000300456 0.0493243 0
  0.000217967 0.046727 0
  0.000151433 0.0443164 0
  9.9173e-05 0.0420797 0
  5.9458e-05 0.0400048 0
  3.05276e-05 0.0380803 0
  1.06017e-05 0.0362955 0
  -2.1006e-06 0.0346406 1
  -9.33936e-06 0.0331063 1
  -1.28311e-05 0.0316838 1
  -1.39581e-05 0.0303651 1
  -1.36513e-05 0.0291426 1
  -1.24619e-05 0.0280093 1
  -1.08359e-05 0.0269587 1
  -9.11406e-06 0.0259847 1
  -7.53723e-06 0.0250818 1
  -6.25788e-06 0.0242446 1
  -5.35447e-06 0.0234683 1
  -4.84756e-06 0.0227486 1
  -4.71586e-06 0.0220811 1
  -4.91102e-06 0.0214621 1
  -5.37024e-06 0.0208879 1
  -6.02643e-06 0.0203554 1
  -6.81562e-06 0.0198613 1
  -7.68188e-06 0.0194029 1
  -8.58004e-06 0.0189774 1
  -9.47668e-06 0.0185825 1
  -1.03498e-05 0.0182159 1
  -1.11878e-05 0.0178755 1
  -1.19876e-05 0.0175592 1
  -1.27531e-05 0.0172653 1
  -1.34936e-05 0.0169921 1
  -1.42225e-05 0.016738 1
  -1.49561e-05 0.0165015 1
  -1.57136e-05 0.0162814 1
  -1.65165e-05 0.0160762 1
  -1.7389e-05 0.0158849 1
  -1.83584e-05 0.0157063 1
  -1.94557e-05 0.0155393 1
  -2.07155e-05 0.0153831 1
  -2.21764e-05 0.0152368 1
  -2.38805e-05 0.0150994 1
  -2.58721e-05 0.0149702 1
  -2.81957e-05 0.0148485 1
  -3.08935e-05 0.0147335 1
  -3.40006e-05 0.0146245 1
  -3.75407e-05 0.014521 1
  -4.15198e-05 0.0144224 1
  -4.59201e-05 0.014328 1
  -5.06931e-05 0.0142374 1
  -5.57543e-05 0.0141499 1
  -6.09788e-05 0.0140652 1
  -6.61999e-05 0.0139827 1
  -7.12122e-05 0.0139019 1
  -7.57794e-05 0.0138224 1
  -7.96494e-05 0.0137437 1
  -8.25776e-05 0.0136654 1
  -8.43571e-05 0.013587 1
  -8.48589e-05 0.0135081 1
  -8.40773e-05 0.0134283 1
  -8.21793e-05 0.0133471 1
  -7.95545e-05 0.013264 1
  -7.68556e-05 0.0131786 1
  -7.50252e-05 0.0130904 1
  -7.52956e-05 0.0129988 1
  -7.9152e-05 0.0129034 1
  -8.82475e-05 0.0128035 1
  -0.000104259 0.0126985 1
  -0.000128677 0.0125878 1
  -0.000162529 0.0124706 1
  -0.000206039 0.0123463 1
  -0.000258238 0.0122141 1
  -0.000316555 0.0120732 1
  -0.000376417 0.0119227 1
  -0.000430913 0.0117618 1
  -0.000470569 0.0115897 1
  -0.000483289 0.0114055 1
  -0.000454493 0.0112084 1
  -0.000360532 0.0109975 1
  -0.000166728 0.0107721 1
  0.000169744 0.0105315 0
  0.000691657 0.0102752 0
  0.0014408 0.0100029 0
  0.00245704 0.00971442 0
  0.00377748 0.00940964 0
  0.00543569 0.00908867 0
  0.00746102 0.00875175 0
  0.0098781 0.00839928 0
  0.0127064 0.00803185 0
  0.0159596 0.00765026 0
  0.019646 0.00725553 0
  0.0237673 0.00684886 0
  0.0283194 0.00643162 0
  0.0332919 0.0060053 0
  0.0386682 0.00557135 0
  0.0444259 0.00513112 0
  0.0505369 0.0046857 0
  0.0569682 0.0042359 0
  0.0636822 0.00378214 0
  0.0706375 0.00332456 0
  0.0777897 0.00286307 0
  0.0850917 0.00239745 0
  0.0924949 0.0019275 0
  0.099949 0.00145308 0  