
  0.891975
  0.891975
  0.891975
  0.891975
  0.891975
  0.891975
  0.891975
  0.891975
  0.891975
  0.891975
  0.891975
  0.891975
  0.891975
  0.891975
  0.891975
  0.891975
  0.891975
  0.891975
  0.891975
  0.891975
  0.891975
  0.891975
  0.891975
  0.891975
  0.891975
  0.891975
  0.891975
  0.891975
  0.891975
  0.891975
  0.891975
  0.891975
  0.891975
  0.891975
  0.891975
  0.891975
  0.891975
  0.891975
  0.891975
  0.891975
  0.891975
  0.891975
  0.891975
  0.891975
  0.891975
  0.891975
  0.891975
  0.891975
  0.891975
  0.891975
  0.891975
  0.891975
  0.891975
  0.891975
  0.891975
  0.891975
  0.891975
  0.891975
  0.891975
  0.891975
  0.891975
  0.891975
  0.891975
  0.891975
  0.891975
  0.891975
  0.891975
  0.891975
  0.891975
  0.891975
  0.891975
  0.891975
  0.891975
  0.891975
  0.891975
  0.891975
  0.891975
  0.891975
  0.891975
  0.891975
  0.891975
  0.891975
  0.891975
  0.891975
  0.891975
  0.891975
  0.891975
  0.891975
  0.891975
  0.891975
  0.891975
  0.891975
  0.891975
  0.891975
  0.891975
  0.891975
  0.891975
  0.891975
  0.891975
  0.891975
  0.891975
  0.891975
  0.891975
  0.891975
  0.93114
  0.891975
  0.891975
  0.891975
  0.891975
  0.891975
  0.891975
  0.891975
  0.891975
  0.891975
  0.891975
  0.891975
  0.891975
  0.891975
  0.891975
  0.891975
  0.891975
  0.891975
  0.891975
  0.891975
  0.891975
  0.891975
  0.907327
  0.891975
  0.891975
  0.891975
  0.891975
  0.891975
  0.891975
  0.891975
  0.891975
  0.891975
  0.891975
  0.891975
  0.891975
  0.891975
  0.891975
  0.891975
  0.891975
  0.891975
  0.891975
  0.891975
  0.891975
  0.891975
  0.891975
  0.904137
  0.891975
  0.891975
  0.891975
  0.891975
  0.891975
  0.891975
  0.891975
  0.891975
  0.891975
  0.891975
  0.891975
  0.891975
  0.891975
  0.891975
  0.968296
  0.891975
  0.891975
  0.891975
  0.891975
  0.891975
  0.891975
  0.891975
  0.891975
  0.891975
  1.08618
  0.891975
  0.891975
  0.891975
  0.891975
  0.891975
  0.891975
  0.927303
  0.891975
  0.891975
  0.891975
  0.891975
  0.891975
  0.891975
  0.891975
  0.891975
  1.14377
  0.891975
  0.891975
  0.891975
  0.891975
  1.00998
  0.891975
  0.891975
  0.891975
  0.891975
  0.891975
  0.891975
  1.15334
  0.891975
  0.891975
  0.891975
  0.891975
  0.891975
  0.960055
  0.891975
  0.891975
  0.891975
  0.891975
  0.902814
  0.891975
  0.891975
  0.891975
  1.00174
  0.891975
  0.891975
  0.891975
  0.891975
  1.16309
  0.891975
  0.891975
  0.891975
  1.811
  0.891975
  0.891975
  2.00908
  0.891975
  1.16753  