
  0.141189
  0.234562
  0.37191
  0.458873
  0.543873
  0.626924
  0.708044
  0.787249
  0.864555
  0.939979
  1.01354
  1.08524
  1.15511
  1.22316
  1.28941
  1.35387
  1.41656
  1.4775
  1.53669
  1.59415
  1.64991
  1.70398
  1.75636
  1.80708
  1.85616
  1.9036
  1.94943
  1.99366
  2.03631
  2.07738
  2.11691
  2.1549
  2.19137
  2.22634
  2.25983
  2.29185
  2.32241
  2.35154
  2.37926
  2.40557
  2.43051
  2.45408
  2.47631
  2.49722
  2.51682
  2.53513
  2.55217
  2.56797
  2.58255
  2.59591
  2.60809
  2.61911
  2.62898
  2.63774
  2.64539
  2.65197
  2.6575
  2.662
  2.66549
  2.66801
  2.66956
  2.67019
  2.6699
  2.66874
  2.66673
  2.66388
  2.66024
  2.65583
  2.65068
  2.64481
  2.63826
  2.63106
  2.62324
  2.61484
  2.60588
  2.5964
  2.58644
  2.57605
  2.56525
  2.55409
  2.54261
  2.53087
  2.51891
  2.47913
  2.437
  2.42005
  2.40365
  2.38699
  2.37009
  2.35297
  2.33568
  2.31825
  2.30071
  2.28311
  2.26549
  2.24788
  2.23034
  2.21293
  2.19569
  2.1787
  2.16201
  2.14572
  2.12991
  2.11468
  2.02771
  2.09198
  1.78143
  1.90275
  1.93955
  1.92211
  1.90911
  1.89662
  1.88498
  1.8744
  1.86511
  1.85733
  1.85135
  1.78009
  1.70555
  1.69236
  1.68042
  1.66959
  1.66004
  1.65199
  1.64571
  1.64154
  2.04762
  2.02653
  1.38822
  1.48624
  1.51779
  1.53724
  1.48044
  1.40581
  1.39662
  1.39999
  1.40807
  1.42088
  1.36981
  1.29905
  1.28645
  1.29015
  1.2994
  1.24755
  1.1875
  1.18539
  1.19003
  1.19838
  1.21094
  1.91735
  2.34892
  0.884159
  1.05277
  1.13099
  1.17694
  1.15328
  1.10504
  1.11688
  1.15165
  1.13392
  1.08601
  1.08785
  1.04998
  1.00618
  1.65788
  1.86911
  0.77598
  1.03391
  1.11572
  1.12145
  1.16138
  1.15957
  1.11987
  1.13195
  1.63076
  1.74174
  0.90689
  1.16001
  1.22695
  1.22026
  1.16163
  1.25708
  1.99407
  0.734738
  0.862998
  1.17618
  1.28173
  1.27869
  1.24748
  1.32928
  1.10151
  1.1044
  1.30412
  1.46791
  1.51475
  0.847803
  1.45267
  0.659047
  1.04075
  1.41171
  1.54358
  1.5711
  0.763496
  1.34415
  0.622825
  1.09995
  1.53231
  1.68565
  0.660105
  0.935335
  0.910017
  1.39736
  1.64387
  0.581923
  0.567616
  1.62345
  1.67241
  0.577592
  1.0511
  0.723176
  1.34513
  1.83456
  0.47724
  0.632448
  1.63375
  1.97054
  0.254683
  0.326959
  1.63072
  0.155916
  0.281041
  2.70569
  3.08072  