
  0.191279
  0.23753
  0.328999
  0.41841
  0.505782
  0.591133
  0.674482
  0.755846
  0.835243
  0.912692
  0.98821
  1.06182
  1.13352
  1.20336
  1.27133
  1.33745
  1.40176
  1.46425
  1.52495
  1.58387
  1.64104
  1.69646
  1.75016
  1.80216
  1.85246
  1.90109
  1.94806
  1.99338
  2.03709
  2.07919
  2.11969
  2.15863
  2.19601
  2.23184
  2.26616
  2.29897
  2.33029
  2.36014
  2.38854
  2.4155
  2.44104
  2.46519
  2.48795
  2.50934
  2.52939
  2.54812
  2.56553
  2.58165
  2.59651
  2.6101
  2.62247
  2.63361
  2.64357
  2.65234
  2.65996
  2.66644
  2.6718
  2.67607
  2.67925
  2.68138
  2.68247
  2.68255
  2.68162
  2.67972
  2.67687
  2.67307
  2.66836
  2.66276
  2.65629
  2.64896
  2.64079
  2.63182
  2.62205
  2.61152
  2.60023
  2.58822
  2.5755
  2.56209
  2.54802
  2.5333
  2.51795
  2.502
  2.48547
  2.46837
  2.45073
  2.43257
  2.4139
  2.39475
  2.37514
  2.35508
  2.3346
  2.31372
  2.29245
  2.27081
  2.24883
  2.22653
  2.20391
  2.18101
  2.15783
  2.13441
  2.11075
  2.08687
  2.0628
  2.03855
  2.01414
  1.98958
  1.9649
  1.94011
  1.91523
  1.89027
  1.86526
  1.84021
  1.81513
  1.79005
  1.76498
  1.73993
  1.71493
  1.68998
  1.66511
  1.64034
  1.61567
  1.59112
  1.56671
  1.54246
  1.51838
  1.49449
  1.47079
  1.44731
  1.42404
  1.401
  1.37817
  1.35558
  1.33327
  1.31128
  1.28963
  1.26835
  1.24746
  1.22697
  1.20691
  1.18729
  1.16813
  1.14946
  1.13132
  1.11377
  1.09685
  1.08056
  1.06491
  1.0499
  1.03553
  1.0218
  1.0087
  0.996241
  0.984407
  0.973194
  0.962597
  0.952607
  0.943214
  0.934407
  0.926173
  0.9185
  0.911372
  0.904775
  0.898691
  0.893104
  0.887994
  0.883342
  0.87913
  0.875336
  0.871939
  0.868917
  0.866246
  0.863893
  0.861829
  0.860041
  0.858523
  0.857287
  0.856342
  0.855684
  0.855291
  0.855131
  0.855159
  0.855327
  0.855571
  0.855826
  0.856034
  0.856149
  0.856145
  0.856
  0.855698
  0.855223
  0.854562
  0.853704
  0.85264
  0.851362
  0.849862
  0.848137
  0.846181
  0.843994
  0.84157
  0.838902
  0.837511  