
  0.00507812
  0.00185306
  0.00112685
  0.000730101
  0.000525693
  0.000433121
  0.000403521
  0.00040902
  0.000434344
  0.000471308
  0.000515499
  0.000564485
  0.000616894
  0.00067193
  0.00072912
  0.000788179
  0.000848932
  0.000911267
  0.000975118
  0.00104044
  0.00110721
  0.00117541
  0.00124504
  0.00131608
  0.00138855
  0.00146245
  0.00153778
  0.00161456
  0.00169277
  0.00177245
  0.00185359
  0.0019362
  0.00202029
  0.00210588
  0.00219296
  0.00228155
  0.00237166
  0.0024633
  0.00255647
  0.00265118
  0.00274744
  0.00284526
  0.00294465
  0.00304561
  0.00314814
  0.00325227
  0.00335798
  0.0034653
  0.00357422
  0.00368474
  0.00379689
  0.00391065
  0.00402603
  0.00414303
  0.00426166
  0.00438193
  0.00450382
  0.00462735
  0.0047525
  0.00487929
  0.00500771
  0.00513776
  0.00526943
  0.00540272
  0.00553763
  0.00567415
  0.00581227
  0.00595198
  0.00609329
  0.00623616
  0.0063806
  0.00652659
  0.00667411
  0.00682315
  0.0069737
  0.00712572
  0.0072792
  0.00743412
  0.00759044
  0.00774815
  0.00790721
  0.00806759
  0.00822926
  0.00839217
  0.0085563
  0.00872159
  0.008888
  0.00905548
  0.00922399
  0.00939346
  0.00956384
  0.00973506
  0.00990707
  0.0100798
  0.0102532
  0.0104271
  0.0106015
  0.0107763
  0.0109514
  0.0111267
  0.0113022
  0.0114776
  0.011653
  0.0118282
  0.012003
  0.0121774
  0.0123512
  0.0125244
  0.0126966
  0.012868
  0.0156364
  0.0171263
  0.0186094
  0.0201798
  0.0218493
  0.0236192
  0.0254882
  0.0274539
  0.0295138
  0.0316657
  0.0339076
  0.0362378
  0.0386546
  0.0411567
  0.0437425
  0.0464106
  0.0491592
  0.0519851
  0.0548847
  0.0578543
  0.0608898
  0.063986
  0.0671365
  0.0728461
  0.0781011
  0.0830957
  0.0879868
  0.092868
  0.0990028
  0.104828
  0.110695
  0.116651
  0.122703
  0.128839
  0.135043
  0.14129
  0.147552
  0.153786
  0.159939
  0.165948
  0.171741
  0.17723
  0.18232
  0.186903
  0.190867
  0.194108
  0.196531
  0.198066
  0.198668
  0.198322
  0.197036
  0.194838
  0.191769
  0.187879
  0.18322
  0.177848
  0.171821
  0.165203
  0.158057
  0.150455
  0.142473
  0.134191
  0.125694
  0.117065
  0.10839
  0.0997494
  0.0912175
  0.082861
  0.0755773
  0.0677197
  0.0601723
  0.0530825
  0.0465108
  0.0404843
  0.0350074
  0.0300704
  0.0256587
  0.0217601
  0.0183717
  0.0155044
  0.013185
  0.0114495
  0.0103197
  0.00976652
  0.00968922
  0.0099381
  0.0103628
  0.010844
  0.0112987
  0.0116738  