
  0.00823399
  0.0040749
  0.00399215
  0.00404645
  0.0041232
  0.00420784
  0.00429759
  0.00439253
  0.00449319
  0.00459994
  0.00471284
  0.00483177
  0.00495647
  0.00508656
  0.00522167
  0.00536141
  0.0055054
  0.00565326
  0.00580467
  0.00595931
  0.0061169
  0.00627717
  0.00643989
  0.00660485
  0.00677184
  0.00694069
  0.00711125
  0.00728336
  0.0074569
  0.00763175
  0.00780779
  0.00798494
  0.0081631
  0.00834219
  0.00852215
  0.0087029
  0.0088844
  0.00906657
  0.00924938
  0.00943279
  0.00961675
  0.00980123
  0.00998619
  0.0101716
  0.0103575
  0.0105437
  0.0107304
  0.0109175
  0.0111049
  0.0112926
  0.0114807
  0.0116691
  0.0118579
  0.012047
  0.0122363
  0.0124261
  0.0126161
  0.0128064
  0.0129971
  0.0131881
  0.0133795
  0.0135712
  0.0137632
  0.0139557
  0.0141485
  0.0143417
  0.0145353
  0.0147293
  0.0149239
  0.0151188
  0.0153143
  0.0155103
  0.0157069
  0.015904
  0.0161018
  0.0163002
  0.0164993
  0.0166991
  0.0168997
  0.0171011
  0.0173033
  0.0175064
  0.0177105
  0.0179156
  0.0181217
  0.018329
  0.0185374
  0.0187471
  0.0189581
  0.0191705
  0.0193844
  0.0195998
  0.0198168
  0.0200355
  0.0202561
  0.0204785
  0.0207029
  0.0209295
  0.0211582
  0.0213892
  0.0216227
  0.0218586
  0.0220973
  0.0223386
  0.0225829
  0.0228303
  0.0230807
  0.0233345
  0.0235917
  0.0238524
  0.030364
  0.0351467
  0.0398814
  0.0446382
  0.0493856
  0.0540951
  0.0587448
  0.0633163
  0.0677932
  0.0721597
  0.0763996
  0.0804963
  0.0844321
  0.0881884
  0.0917448
  0.0950793
  0.0981682
  0.100984
  0.103496
  0.105675
  0.107488
  0.108901
  0.109879
  0.116537
  0.123545
  0.130668
  0.137806
  0.144895
  0.153716
  0.16203
  0.170201
  0.178243
  0.186137
  0.193862
  0.201403
  0.20876
  0.215946
  0.222986
  0.229918
  0.236804
  0.243724
  0.25077
  0.258043
  0.265625
  0.273572
  0.281901
  0.29058
  0.29953
  0.308635
  0.317747
  0.326706
  0.335359
  0.343562
  0.351195
  0.358153
  0.364355
  0.369736
  0.374245
  0.377848
  0.380519
  0.382246
  0.383026
  0.382866
  0.381784
  0.379806
  0.376966
  0.373304
  0.368865
  0.368028
  0.364622
  0.360185
  0.354941
  0.349004
  0.342474
  0.335441
  0.327988
  0.320187
  0.312097
  0.303775
  0.295266
  0.286611
  0.277846
  0.269005
  0.260117
  0.251212
  0.242319
  0.233467
  0.224686
  0.216008
  0.207466  