
  0
  0
  0
  0
  0
  0
  0
  0
  0
  0
  0
  0
  0
  0
  0
  0
  0
  0
  0
  0
  0
  0
  0
  0
  0
  0
  0
  0
  0
  0
  0
  0
  0
  0
  0
  0
  0
  0
  0
  0
  0
  0
  0
  0
  0
  0
  0
  0
  0
  0
  0
  0
  0
  0
  0
  0
  0
  0
  0
  0
  0
  0
  0
  0
  0
  0
  0
  0
  0
  0
  0
  0
  0
  0
  0
  0
  0
  0
  0
  0
  0
  0
  0
  0
  0
  0
  0
  0
  0
  0
  0
  0
  0
  0
  0
  0
  0
  0
  0
  0
  0
  0
  0
  0
  0
  0
  0
  0
  0
  0.0918395
  0.157504
  0.240097
  0.324153
  0.40879
  0.493994
  0.579788
  0.666176
  0.753157
  0.840719
  0.928848
  1.01752
  1.10672
  1.19641
  1.28655
  1.37709
  1.46798
  1.55916
  1.65052
  1.74198
  1.83339
  1.92459
  2.01539
  2.12047
  2.28066
  2.43704
  2.59292
  2.74906
  2.93095
  3.10014
  3.28111
  3.46305
  3.64442
  3.82456
  4.00282
  4.17836
  4.35018
  4.51717
  4.67807
  4.83144
  4.97567
  5.10912
  5.23011
  5.33706
  5.42865
  5.50379
  5.56178
  5.60237
  5.62577
  5.63262
  5.62386
  5.60063
  5.5641
  5.51541
  5.45561
  5.38571
  5.30661
  5.21915
  5.12412
  5.02232
  4.91453
  4.80153
  4.68411
  4.56305
  4.43911
  4.313
  4.18537
  4.05681
  4.02167
  3.90174
  3.80973
  3.71687
  3.62178
  3.52518
  3.42766
  3.32963
  3.23131
  3.13282
  3.03421
  2.93547
  2.83657
  2.73748
  2.63815
  2.53852
  2.43853
  2.33815
  2.2373
  2.13596
  2.0341
  1.93167
  1.82868  