
  0.00020272
  0.00109364
  0.00175891
  0.00256134
  0.00349077
  0.00453741
  0.00569178
  0.00694477
  0.00828756
  0.00971166
  0.0112089
  0.0127715
  0.0143917
  0.0160624
  0.0177765
  0.0195273
  0.0213085
  0.0231138
  0.0249373
  0.0267735
  0.0286168
  0.0304622
  0.0323048
  0.0341399
  0.035963
  0.0377701
  0.0395571
  0.0413202
  0.0430559
  0.044761
  0.0464322
  0.0480667
  0.0496618
  0.0512149
  0.0527237
  0.0541861
  0.0556
  0.0569639
  0.0582759
  0.0595347
  0.0607391
  0.0618879
  0.0629801
  0.0640151
  0.0649921
  0.0659106
  0.0667704
  0.0675712
  0.0683129
  0.0689955
  0.0696193
  0.0701845
  0.0706916
  0.0711411
  0.0715336
  0.0718698
  0.0721507
  0.0723771
  0.07255
  0.0726706
  0.07274
  0.0727596
  0.0727307
  0.0726547
  0.0725331
  0.0723676
  0.0721596
  0.0719109
  0.0716233
  0.0712985
  0.0709385
  0.0705451
  0.0701203
  0.0696661
  0.0691847
  0.0686783
  0.0681489
  0.067599
  0.0670309
  0.0664471
  0.0658501
  0.0652426
  0.0646276
  0.0616826
  0.0608286
  0.0600313
  0.0592262
  0.0584131
  0.057594
  0.0567704
  0.0559444
  0.0551178
  0.0542924
  0.0534703
  0.0526534
  0.0518439
  0.0510439
  0.0502558
  0.049482
  0.0487252
  0.0479884
  0.0472747
  0.0465879
  0.0459321
  0.0420842
  0.0319471
  0.035877
  0.0397716
  0.0391765
  0.0386875
  0.0381564
  0.0376529
  0.0371891
  0.0367721
  0.0364089
  0.0361083
  0.0358814
  0.0312885
  0.0307766
  0.0303167
  0.0298954
  0.0295166
  0.0291857
  0.0289101
  0.0286986
  0.0285629
  0.024794
  0.0185662
  0.0232815
  0.0247026
  0.0253278
  0.0258728
  0.022071
  0.0215161
  0.0215114
  0.0216493
  0.0219116
  0.0223242
  0.019161
  0.0184851
  0.0184827
  0.0186445
  0.0189333
  0.0160949
  0.0159181
  0.0159761
  0.0161234
  0.0163648
  0.0167243
  0.0145448
  0.017774
  0.0117131
  0.014623
  0.0158035
  0.0169821
  0.0146657
  0.0145649
  0.015248
  0.0162914
  0.0143861
  0.0139266
  0.0144845
  0.012211
  0.0124314
  0.0129755
  0.00519941
  0.0110109
  0.0153841
  0.0152018
  0.0157888
  0.017367
  0.0156738
  0.0152092
  0.0162933
  0.0144004
  0.00701167
  0.0145834
  0.0190064
  0.018239
  0.0185503
  0.0149638
  0.0156516
  0.0123491
  0.00554877
  0.0160241
  0.0184491
  0.0220628
  0.0181364
  0.019999
  0.0230913
  0.0204467
  0.0180165
  0.023393
  0.0285071
  0.0264211
  0.0260668
  0.00611833
  0.00785565
  0.0223402
  0.0255619
  0.0309423
  0.0270358
  0.0270959
  0.00502068
  0.00803978
  0.0253675
  0.02968
  0.0360549
  0.0318938
  0.00701085
  0.0155512
  0.0311074
  0.0299436
  0.0319245
  0.0242392
  0.0351299
  0.0272343
  0.0283349
  0.00381214
  0.0109816
  0.033301
  0.0407434
  0.0457941
  0.0218837
  0.038092
  0.0470829
  0.0250477
  0.0187167
  0.0417982
  0.0508942
  0.0595989
  0.0949083  