
  0.0493253
  0.00154924
  -0.000929934
  -5.78541e-05
  0.000718344
  0.00129148
  0.00176317
  0.0021982
  0.00262834
  0.00306737
  0.00352019
  0.00398758
  0.00446861
  0.00496184
  0.0054658
  0.00597921
  0.00650103
  0.00703045
  0.00756685
  0.00810976
  0.00865884
  0.00921381
  0.00977449
  0.0103407
  0.0109124
  0.0114893
  0.0120716
  0.0126589
  0.0132513
  0.0138488
  0.0144511
  0.0150583
  0.0156703
  0.0162869
  0.0169081
  0.0175338
  0.018164
  0.0187984
  0.019437
  0.0200796
  0.0207262
  0.0213767
  0.0220309
  0.0226886
  0.0233498
  0.0240143
  0.0246819
  0.0253525
  0.026026
  0.0267022
  0.027381
  0.0280621
  0.0287454
  0.0294307
  0.0301179
  0.0308068
  0.0314972
  0.032189
  0.0328819
  0.0335757
  0.0342704
  0.0349656
  0.0356613
  0.0363572
  0.0370531
  0.0377488
  0.0384442
  0.0391391
  0.0398333
  0.0405266
  0.0412188
  0.0419098
  0.0425993
  0.0432872
  0.0439734
  0.0446576
  0.0453397
  0.0460195
  0.0466969
  0.0473717
  0.0480438
  0.0487131
  0.0493793
  0.0500425
  0.0507024
  0.051359
  0.0520121
  0.0526617
  0.0533077
  0.0539499
  0.0545884
  0.055223
  0.0558537
  0.0564805
  0.0571033
  0.0577222
  0.058337
  0.0589478
  0.0595546
  0.0601575
  0.0607564
  0.0613514
  0.0619425
  0.0625299
  0.0631136
  0.0636936
  0.0642701
  0.0648431
  0.0654129
  0.0659794
  0.0633502
  0.0716901
  0.0830497
  0.0961451
  0.110538
  0.125991
  0.142361
  0.159556
  0.177519
  0.196213
  0.215619
  0.235726
  0.25653
  0.278033
  0.300239
  0.323153
  0.346783
  0.371139
  0.396229
  0.422054
  0.448605
  0.47587
  0.503832
  0.538842
  0.577596
  0.618101
  0.659884
  0.702972
  0.754308
  0.807218
  0.86217
  0.919441
  0.979235
  1.04173
  1.10708
  1.1754
  1.24676
  1.32109
  1.39819
  1.47769
  1.55899
  1.64118
  1.72307
  1.80315
  1.87966
  1.95067
  2.01425
  2.06859
  2.11221
  2.14399
  2.16324
  2.16969
  2.16336
  2.14449
  2.11347
  2.07076
  2.01694
  1.95267
  1.87876
  1.79612
  1.7058
  1.609
  1.50699
  1.40115
  1.29287
  1.18351
  1.07439
  0.966682
  0.894099
  0.799693
  0.70362
  0.610196
  0.521618
  0.439218
  0.363696
  0.295285
  0.233894
  0.179236
  0.13092
  0.0885159
  0.0515802
  0.0196873
  -0.0075608
  -0.03053
  -0.0495545
  -0.0649382
  -0.0769581
  -0.0858685
  -0.0919055
  -0.09529  