
  0
  0.005
  0.01
  0.0149577
  0.019916
  0.0248748
  0.0298342
  0.034794
  0.0397544
  0.0447153
  0.0496766
  0.0546384
  0.0596006
  0.0645633
  0.0695263
  0.0744898
  0.0794536
  0.0844177
  0.0893822
  0.0943469
  0.099312
  0.104277
  0.109243
  0.114208
  0.119174
  0.12414
  0.129106
  0.134072
  0.139037
  0.144003
  0.148969
  0.153934
  0.1589
  0.163865
  0.168829
  0.173793
  0.178757
  0.183721
  0.188683
  0.193645
  0.198607
  0.203567
  0.208527
  0.213485
  0.218443
  0.2234
  0.228355
  0.233309
  0.238262
  0.243213
  0.248163
  0.253111
  0.258058
  0.263003
  0.267945
  0.272886
  0.277825
  0.282762
  0.287696
  0.292628
  0.297558
  0.302484
  0.307409
  0.31233
  0.317249
  0.322165
  0.327078
  0.331987
  0.336893
  0.341796
  0.346696
  0.351592
  0.356485
  0.361373
  0.366258
  0.371139
  0.376017
  0.38089
  0.385759
  0.390623
  0.395484
  0.40034
  0.405191
  0.410039
  0.414881
  0.419701
  0.424515
  0.429325
  0.434129
  0.438927
  0.443721
  0.448509
  0.453292
  0.458069
  0.462842
  0.467608
  0.472369
  0.477125
  0.481875
  0.486619
  0.491358
  0.496092
  0.50082
  0.505542
  0.510259
  0.51497
  0.520902
  0.525479
  0.530027
  0.534566
  0.539071
  0.543569
  0.548063
  0.552555
  0.557045
  0.561532
  0.566017
  0.5705
  0.574982
  0.579424
  0.583861
  0.588295
  0.592726
  0.597154
  0.601579
  0.606003
  0.610425
  0.614847
  0.623613
  0.627854
  0.632016
  0.63617
  0.640327
  0.644491
  0.648615
  0.652734
  0.656855
  0.66098
  0.665111
  0.669249
  0.673351
  0.677444
  0.681539
  0.685638
  0.689744
  0.693807
  0.697867
  0.701931
  0.705999
  0.710073
  0.714157
  0.725928
  0.729686
  0.733311
  0.736906
  0.740516
  0.744148
  0.747763
  0.751384
  0.755025
  0.758689
  0.762345
  0.766004
  0.769681
  0.773336
  0.777003
  0.788248
  0.791757
  0.795051
  0.798356
  0.801669
  0.805002
  0.80837
  0.811754
  0.815158
  0.818597
  0.829012
  0.832068
  0.835119
  0.838216
  0.841346
  0.844515
  0.8477
  0.855434
  0.858472
  0.861255
  0.864023
  0.866835
  0.869704
  0.872606
  0.875559
  0.878577
  0.884782
  0.887494
  0.890273
  0.893133
  0.896065
  0.900418
  0.903008
  0.905472
  0.908083
  0.910781
  0.913588
  0.916484
  0.920505
  0.922808
  0.925152
  0.927708
  0.930381
  0.933206
  0.936124
  0.93841
  0.940912
  0.943595
  0.946426
  0.949162
  0.951717
  0.954461
  0.957371
  0.960616
  0.96262
  0.964853
  0.967336
  0.970113
  0.972463
  0.974622
  0.977065
  0.979998
  0.982418
  0.984496
  0.987061
  0.988386
  0.990523  