
  0.000266844 -2.6 1.99907
  0.000796913 -2.6 1.99723
  0.00158661 -2.59999 1.99451
  0.00263237 -2.59998 1.99091
  0.00393065 -2.59996 1.98647
  0.00547791 -2.59992 1.98121
  0.00727066 -2.59985 1.97513
  0.0093054 -2.59976 1.96827
  0.0115787 -2.59963 1.96065
  0.014087 -2.59945 1.95227
  0.0168269 -2.59922 1.94317
  0.019795 -2.59893 1.93335
  0.0229877 -2.59857 1.92285
  0.0264018 -2.59812 1.91168
  0.0300336 -2.59758 1.89986
  0.0338798 -2.59694 1.88741
  0.0379369 -2.59618 1.87435
  0.0422014 -2.5953 1.86069
  0.0466699 -2.59428 1.84646
  0.0513387 -2.59312 1.83167
  0.0562045 -2.59179 1.81635
  0.0612637 -2.5903 1.80052
  0.0665126 -2.58864 1.78418
  0.0719477 -2.58678 1.76737
  0.0775654 -2.58472 1.7501
  0.083362 -2.58244 1.73239
  0.0893338 -2.57995 1.71426
  0.0954771 -2.57722 1.69573
  0.101788 -2.57426 1.67682
  0.108263 -2.57104 1.65754
  0.114899 -2.56756 1.63793
  0.12169 -2.56381 1.61799
  0.128634 -2.55978 1.59774
  0.135727 -2.55547 1.57721
  0.142964 -2.55087 1.55642
  0.150341 -2.54596 1.53538
  0.157856 -2.54075 1.51411
  0.165502 -2.53523 1.49264
  0.173277 -2.52939 1.47097
  0.181176 -2.52322 1.44914
  0.189196 -2.51672 1.42715
  0.197331 -2.50989 1.40504
  0.205578 -2.50273 1.38281
  0.213933 -2.49522 1.36048
  0.22239 -2.48737 1.33808
  0.230947 -2.47918 1.31562
  0.239599 -2.47063 1.29313
  0.24834 -2.46175 1.27061
  0.257168 -2.45251 1.24808
  0.266078 -2.44293 1.22557
  0.275065 -2.433 1.2031
  0.284125 -2.42272 1.18066
  0.293253 -2.4121 1.1583
  0.302446 -2.40114 1.13601
  0.311699 -2.38984 1.11382
  0.321008 -2.3782 1.09175
  0.330368 -2.36623 1.0698
  0.339776 -2.35393 1.04799
  0.349226 -2.34131 1.02635
  0.358714 -2.32837 1.00487
  0.368237 -2.31512 0.983586
  0.37779 -2.30156 0.962499
  0.387369 -2.2877 0.941626
  0.39697 -2.27355 0.920979
  0.406588 -2.25911 0.90057
  0.41622 -2.24439 0.880413
  0.425861 -2.22941 0.860517
  0.435508 -2.21416 0.840895
  0.445156 -2.19865 0.821556
  0.454802 -2.1829 0.802512
  0.464443 -2.16692 0.783771
  0.474073 -2.15071 0.765343
  0.483689 -2.13428 0.747236
  0.493289 -2.11764 0.72946
  0.502867 -2.10081 0.712021
  0.512421 -2.08379 0.694928
  0.521948 -2.06659 0.678186
  0.531443 -2.04923 0.661802
  0.540904 -2.03172 0.645783
  0.550327 -2.01406 0.630134
  0.559709 -1.99626 0.614859
  0.569047 -1.97834 0.599963
  0.578338 -1.96032 0.58545
  0.587579 -1.94219 0.571325
  0.596768 -1.92397 0.557589
  0.605901 -1.90567 0.544246
  0.614976 -1.8873 0.531298
  0.62399 -1.86888 0.518748
  0.632941 -1.85041 0.506595
  0.641827 -1.83191 0.494843
  0.650644 -1.81338 0.48349
  0.659392 -1.79484 0.472538
  0.668067 -1.77629 0.461986
  0.676667 -1.75776 0.451835
  0.685192 -1.73924 0.442082
  0.693638 -1.72075 0.432728
  0.702004 -1.70229 0.42377
  0.710288 -1.68389 0.415207
  0.718489 -1.66554 0.407037
  0.726604 -1.64725 0.399257
  0.734634 -1.62905 0.391865
  0.742576 -1.61093 0.384858
  0.750428 -1.5929 0.378232
  0.758191 -1.57498 0.371984
  0.765862 -1.55716 0.366111
  0.77344 -1.53947 0.360609
  0.780925 -1.5219 0.355473
  0.788316 -1.50447 0.350699
  0.795612 -1.48718 0.346284
  0.802812 -1.47004 0.342221
  0.809915 -1.45306 0.338507
  0.816922 -1.43624 0.335136
  0.823831 -1.4196 0.332104
  0.830641 -1.40313 0.329404
  0.837354 -1.38684 0.327033
  0.843967 -1.37074 0.324984
  0.850482 -1.35483 0.323252
  0.856897 -1.33913 0.321832
  0.863213 -1.32363 0.320718
  0.86943 -1.30833 0.319903
  0.875547 -1.29326 0.319383
  0.881565 -1.2784 0.319152
  0.887483 -1.26376 0.319203
  0.893302 -1.24934 0.319531
  0.899023 -1.23516 0.320131
  0.904645 -1.22121 0.320996
  0.910168 -1.2075 0.32212
  0.915594 -1.19403 0.323498
  0.920923 -1.18079 0.325125
  0.926155 -1.16781 0.326995
  0.931291 -1.15507 0.329102
  0.936333 -1.14258 0.331443
  0.941281 -1.13035 0.334012
  0.946136 -1.11837 0.336804
  0.9509 -1.10665 0.339813
  0.955573 -1.09519 0.343036
  0.960157 -1.08399 0.346465
  0.964651 -1.07305 0.350097
  0.969058 -1.06237 0.353927
  0.973378 -1.05196 0.357948
  0.977612 -1.04181 0.362158
  0.981761 -1.03192 0.36655
  0.985826 -1.02229 0.37112
  0.989809 -1.01293 0.375863
  0.993709 -1.00383 0.380773
  0.997527 -0.994988 0.385845
  1.00126 -0.9864 0.391074
  1.00492 -0.978065 0.396455
  1.0085 -0.969981 0.401982
  1.012 -0.962144 0.40765
  1.01542 -0.954551 0.413455
  1.01877 -0.947199 0.419393
  1.02203 -0.940086 0.425458
  1.02523 -0.933208 0.431646
  1.02834 -0.926562 0.437953
  1.03138 -0.920144 0.444375
  1.03435 -0.913951 0.450907
  1.03725 -0.907979 0.457547
  1.04007 -0.902225 0.464289
  1.04282 -0.896685 0.47113
  1.0455 -0.891355 0.478067
  1.04811 -0.886232 0.485095
  1.05064 -0.881312 0.492212
  1.05311 -0.87659 0.499414
  1.05551 -0.872064 0.506698
  1.05784 -0.867729 0.514061
  1.0601 -0.863581 0.521499
  1.0623 -0.859616 0.52901
  1.06443 -0.855831 0.536591
  1.06649 -0.852221 0.544238
  1.06848 -0.848782 0.551949
  1.07041 -0.845512 0.559721
  1.07227 -0.842407 0.567553
  1.07407 -0.839468 0.575443
  1.0758 -0.836693 0.583388
  1.07747 -0.834083 0.591389
  1.07907 -0.831636 0.599442
  1.08061 -0.829348 0.607545
  1.08209 -0.827212 0.615697
  1.0835 -0.825223 0.623893
  1.08485 -0.82337 0.632132
  1.08614 -0.821646 0.640408
  1.08737 -0.820036 0.64872
  1.08854 -0.818529 0.657061
  1.08966 -0.81711 0.665428
  1.09072 -0.815768 0.673817
  1.09172 -0.814492 0.682224
  1.09267 -0.813277 0.690645
  1.09356 -0.812116 0.699078
  1.0944 -0.811001 0.707519
  1.09517 -0.809928 0.715965
  1.0959 -0.808889 0.724413
  1.09656 -0.807878 0.732859
  1.09717 -0.806891 0.7413
  1.09772 -0.80592 0.749733
  1.09821 -0.80496 0.758155
  1.09865 -0.804006 0.766562
  1.09902 -0.803053 0.774951
  1.09934 -0.802093 0.783319
  1.0996 -0.801123 0.791662
  1.0998 -0.800135 0.799976  