
  0.000266844 -2.6 1.99907
  -0.000134887 -2.6 2.00046
  0.000533709 -2.60001 1.99815
  0.00146028 -2.6 1.99496
  0.0026412 -2.6 1.99092
  0.0040729 -2.59997 1.98604
  0.00575182 -2.59994 1.98034
  0.00767441 -2.59987 1.97385
  0.00983716 -2.59978 1.96658
  0.0122366 -2.59966 1.95855
  0.0148692 -2.59948 1.94979
  0.0177315 -2.59926 1.94031
  0.0208201 -2.59897 1.93013
  0.0241316 -2.59861 1.91927
  0.0276624 -2.59817 1.90775
  0.0314093 -2.59764 1.89559
  0.0353687 -2.59702 1.88281
  0.0395372 -2.59628 1.86943
  0.0439115 -2.59542 1.85546
  0.0484882 -2.59444 1.84093
  0.0532637 -2.59331 1.82585
  0.0582348 -2.59203 1.81025
  0.0633979 -2.5906 1.79414
  0.0687496 -2.58899 1.77754
  0.0742866 -2.58721 1.76046
  0.0800052 -2.58523 1.74294
  0.0859021 -2.58306 1.72498
  0.0919739 -2.58068 1.70661
  0.0982169 -2.57808 1.68784
  0.104628 -2.57525 1.66869
  0.111203 -2.57219 1.64919
  0.117938 -2.56888 1.62934
  0.124831 -2.56533 1.60917
  0.131878 -2.56151 1.5887
  0.139075 -2.55743 1.56794
  0.146418 -2.55307 1.54692
  0.153903 -2.54843 1.52565
  0.161528 -2.54351 1.50415
  0.169289 -2.53829 1.48243
  0.177181 -2.53278 1.46052
  0.185201 -2.52696 1.43844
  0.193346 -2.52084 1.4162
  0.201612 -2.51441 1.39381
  0.209994 -2.50766 1.37131
  0.21849 -2.50059 1.3487
  0.227095 -2.4932 1.326
  0.235806 -2.48549 1.30322
  0.244619 -2.47745 1.2804
  0.25353 -2.46908 1.25754
  0.262535 -2.46039 1.23465
  0.271631 -2.45137 1.21176
  0.280814 -2.44202 1.18888
  0.290079 -2.43234 1.16603
  0.299424 -2.42234 1.14322
  0.308844 -2.41201 1.12047
  0.318335 -2.40135 1.0978
  0.327894 -2.39038 1.07521
  0.337517 -2.37908 1.05272
  0.347201 -2.36746 1.03035
  0.35694 -2.35553 1.00811
  0.366733 -2.34329 0.986016
  0.376574 -2.33075 0.964078
  0.386461 -2.3179 0.94231
  0.396389 -2.30475 0.920724
  0.406356 -2.29132 0.899332
  0.416357 -2.27759 0.878147
  0.426389 -2.26359 0.857179
  0.436448 -2.24931 0.836439
  0.446532 -2.23476 0.815937
  0.456636 -2.21995 0.795684
  0.466758 -2.20488 0.775689
  0.476894 -2.18957 0.75596
  0.487041 -2.17401 0.736508
  0.497197 -2.15822 0.717338
  0.507358 -2.14221 0.69846
  0.517521 -2.12597 0.67988
  0.527684 -2.10953 0.661605
  0.537844 -2.09288 0.643641
  0.547999 -2.07604 0.625993
  0.558147 -2.05902 0.608667
  0.568285 -2.04181 0.591665
  0.578412 -2.02444 0.574994
  0.589477 -2.00775 0.556523
  0.599369 -1.99002 0.541023
  0.609218 -1.97216 0.525913
  0.619029 -1.95418 0.511177
  0.628801 -1.93608 0.496819
  0.63853 -1.91787 0.482839
  0.648215 -1.89957 0.46924
  0.657854 -1.88118 0.456022
  0.667446 -1.86272 0.443187
  0.676989 -1.84419 0.430734
  0.686482 -1.8256 0.418662
  0.695925 -1.80697 0.406971
  0.705316 -1.78829 0.395659
  0.714656 -1.76958 0.384724
  0.723943 -1.75085 0.374164
  0.733179 -1.7321 0.363976
  0.742363 -1.71334 0.354156
  0.751496 -1.69458 0.344699
  0.76058 -1.67583 0.335603
  0.769616 -1.65708 0.32686
  0.780092 -1.63801 0.316023
  0.787554 -1.61962 0.310411
  0.772974 -1.60907 0.294061
  0.772498 -1.59314 0.28359
  0.777357 -1.57454 0.271877
  0.785944 -1.55576 0.265981
  0.794649 -1.53706 0.260626
  0.803315 -1.51842 0.255628
  0.811933 -1.49987 0.250966
  0.820507 -1.48139 0.246629
  0.829041 -1.46299 0.242609
  0.837543 -1.44466 0.238894
  0.847997 -1.42473 0.233293
  0.855782 -1.40718 0.230911
  0.863503 -1.38976 0.228849
  0.871166 -1.37247 0.227094
  0.878779 -1.35531 0.225639
  0.886348 -1.33827 0.224473
  0.893879 -1.32136 0.223588
  0.901383 -1.30456 0.222974
  0.910836 -1.28597 0.220917
  0.916358 -1.27127 0.222505
  0.905711 -1.26494 0.195438
  0.910185 -1.24998 0.193512
  0.916886 -1.23404 0.194611
  0.92408 -1.21799 0.196433
  0.9339 -1.19913 0.197368
  0.940687 -1.18392 0.200209
  0.947337 -1.16902 0.203372
  0.953978 -1.15426 0.206787
  0.960644 -1.13961 0.210441
  0.969763 -1.12226 0.213552
  0.975905 -1.10849 0.217906
  0.981855 -1.09511 0.222565
  0.987792 -1.0819 0.227466
  0.995878 -1.0664 0.232247
  1.00122 -1.05419 0.237771
  1.00649 -1.04223 0.243537
  1.01177 -1.03044 0.24953
  1.01706 -1.01881 0.255748
  1.02453 -1.00493 0.262204
  1.02785 -0.995863 0.268826
  1.03108 -0.987059 0.275614
  1.02347 -0.973624 0.225184
  1.02788 -0.963391 0.232591
  1.03282 -0.953355 0.241767
  1.04042 -0.940702 0.25297
  1.04519 -0.93138 0.262775
  1.04982 -0.9224 0.272764
  1.05695 -0.911039 0.284833
  1.06137 -0.902687 0.295168
  1.06755 -0.8928 0.307315
  1.07114 -0.885649 0.317561
  1.07468 -0.878731 0.328004
  1.07669 -0.873455 0.337123
  1.07511 -0.856098 0.300897
  1.07727 -0.848112 0.305758
  1.08251 -0.839332 0.319561
  1.0861 -0.833638 0.332952
  1.09185 -0.826811 0.35034
  1.09515 -0.822086 0.364101
  1.10019 -0.816489 0.38125
  1.10133 -0.813584 0.391729
  1.10096 -0.789267 0.356056
  1.1028 -0.784618 0.367045
  1.10699 -0.78086 0.38683
  1.11119 -0.778367 0.407822
  1.11296 -0.776923 0.42292
  1.11346 -0.775909 0.434546
  1.1118 -0.742652 0.398154
  1.11377 -0.737018 0.412994
  1.11661 -0.738446 0.436913
  1.11775 -0.740039 0.454509
  1.12028 -0.742974 0.47855
  1.11637 -0.718138 0.457076
  1.1171 -0.721289 0.475529
  1.11938 -0.727363 0.502674
  1.12033 -0.73181 0.52268
  1.11307 -0.703572 0.506522
  1.11274 -0.704165 0.527276
  1.11444 -0.713086 0.555783
  1.11507 -0.720147 0.575834
  1.10233 -0.696048 0.562019
  1.10081 -0.700879 0.583981
  1.10278 -0.714154 0.61403
  1.08802 -0.700724 0.610064
  1.08876 -0.712627 0.635409
  1.07829 -0.706498 0.63823
  1.08259 -0.722857 0.666378
  1.08585 -0.734232 0.685559
  1.06825 -0.718 0.678768
  1.07427 -0.733025 0.700953
  1.06433 -0.730311 0.70759
  1.07599 -0.754523 0.740286
  1.06984 -0.746787 0.736888
  1.06864 -0.745722 0.740537
  1.08245 -0.770688 0.7692
  1.09125 -0.785353 0.784614
  1.1 -0.8 0.8  