
  0.000266844 -2.6 1.99907
  0.000660522 -2.6 1.99771
  0.00157692 -2.59999 1.99457
  0.00274361 -2.59998 1.99057
  0.00415716 -2.59995 1.98576
  0.00581417 -2.59991 1.98014
  0.00771126 -2.59985 1.97374
  0.00984505 -2.59975 1.96657
  0.0122122 -2.59962 1.95865
  0.0148093 -2.59944 1.95001
  0.0176332 -2.59921 1.94065
  0.0206803 -2.59892 1.93061
  0.0239475 -2.59856 1.9199
  0.0274313 -2.59812 1.90853
  0.0311286 -2.59759 1.89653
  0.0350359 -2.59696 1.88392
  0.0391499 -2.59623 1.8707
  0.0434673 -2.59538 1.85692
  0.0479848 -2.5944 1.84257
  0.052699 -2.59329 1.82768
  0.0576065 -2.59203 1.81226
  0.062704 -2.59061 1.79634
  0.067988 -2.58902 1.77994
  0.0734553 -2.58726 1.76307
  0.0791023 -2.58531 1.74575
  0.0849256 -2.58317 1.728
  0.0909218 -2.58083 1.70984
  0.0970873 -2.57826 1.69129
  0.103419 -2.57548 1.67236
  0.109912 -2.57247 1.65307
  0.116565 -2.56922 1.63344
  0.123373 -2.56572 1.6135
  0.130332 -2.56197 1.59325
  0.137439 -2.55796 1.57272
  0.144691 -2.55367 1.55193
  0.152083 -2.54912 1.53089
  0.159612 -2.54429 1.50962
  0.167275 -2.53917 1.48814
  0.175066 -2.53376 1.46646
  0.182984 -2.52805 1.44462
  0.191024 -2.52205 1.42261
  0.199182 -2.51574 1.40047
  0.207454 -2.50912 1.3782
  0.215836 -2.5022 1.35584
  0.224326 -2.49496 1.33338
  0.232918 -2.48741 1.31086
  0.241609 -2.47954 1.28828
  0.250395 -2.47136 1.26566
  0.259272 -2.46285 1.24303
  0.268236 -2.45404 1.22039
  0.277284 -2.4449 1.19777
  0.286411 -2.43545 1.17517
  0.295613 -2.42568 1.15262
  0.304888 -2.4156 1.13012
  0.314229 -2.4052 1.1077
  0.323635 -2.3945 1.08537
  0.333101 -2.38349 1.06314
  0.342622 -2.37218 1.04103
  0.352196 -2.36056 1.01905
  0.361819 -2.34865 0.997212
  0.371486 -2.33645 0.97553
  0.381194 -2.32397 0.954017
  0.390939 -2.3112 0.932685
  0.400718 -2.29816 0.911545
  0.410527 -2.28484 0.890609
  0.420363 -2.27126 0.869887
  0.430222 -2.25742 0.84939
  0.4401 -2.24333 0.829128
  0.449994 -2.229 0.80911
  0.459902 -2.21443 0.789345
  0.469819 -2.19962 0.769841
  0.479743 -2.1846 0.750606
  0.489671 -2.16936 0.731648
  0.4996 -2.1539 0.712974
  0.509527 -2.13825 0.69459
  0.51945 -2.12241 0.676501
  0.529365 -2.10638 0.658714
  0.539272 -2.09017 0.641233
  0.549167 -2.0738 0.624063
  0.559049 -2.05726 0.607206
  0.568915 -2.04057 0.590666
  0.578765 -2.02373 0.574446
  0.588596 -2.00676 0.558548
  0.598408 -1.98965 0.542972
  0.607915 -1.9725 0.528352
  0.617371 -1.95526 0.51411
  0.626781 -1.93793 0.500227
  0.636145 -1.92051 0.486705
  0.645461 -1.90302 0.473544
  0.654727 -1.88547 0.460742
  0.663942 -1.86787 0.448301
  0.673105 -1.85022 0.436218
  0.682216 -1.83253 0.424492
  0.691274 -1.81481 0.413121
  0.700279 -1.79707 0.402103
  0.709229 -1.77931 0.391434
  0.718127 -1.76154 0.381112
  0.726971 -1.74377 0.371132
  0.735764 -1.72601 0.361491
  0.744505 -1.70825 0.352183
  0.753196 -1.69051 0.343203
  0.76184 -1.67278 0.334546
  0.770438 -1.65507 0.326205
  0.778993 -1.63739 0.318174
  0.78751 -1.61973 0.310444
  0.774328 -1.60578 0.293204
  0.773216 -1.5914 0.283176
  0.777532 -1.57515 0.27528
  0.784143 -1.55811 0.26833
  0.791907 -1.54124 0.263127
  0.799797 -1.52444 0.258391
  0.807666 -1.50769 0.253935
  0.815504 -1.49101 0.24974
  0.823316 -1.47438 0.245796
  0.83111 -1.45779 0.242093
  0.838892 -1.44125 0.238623
  0.846674 -1.42474 0.235375
  0.854466 -1.40825 0.232338
  0.861425 -1.39273 0.230359
  0.868339 -1.37731 0.22862
  0.875217 -1.36199 0.227112
  0.882066 -1.34676 0.225827
  0.888894 -1.33162 0.224757
  0.895709 -1.31655 0.223894
  0.902521 -1.30156 0.223229
  0.909343 -1.28662 0.222753
  0.916189 -1.27172 0.222456
  0.909712 -1.25458 0.197249
  0.913297 -1.24193 0.195124
  0.919038 -1.22846 0.195861
  0.9253 -1.21482 0.19722
  0.931784 -1.20108 0.198842
  0.938439 -1.18723 0.200641
  0.944254 -1.17455 0.203024
  0.949969 -1.16208 0.205634
  0.95572 -1.14965 0.20841
  0.961541 -1.13723 0.211344
  0.967461 -1.12478 0.214433
  0.973515 -1.11225 0.217674
  0.978785 -1.10079 0.221304
  0.983899 -1.08964 0.225147
  0.989043 -1.07854 0.229156
  0.994263 -1.06747 0.233326
  0.999592 -1.05637 0.237656
  1.00412 -1.04636 0.24226
  1.00861 -1.03649 0.247026
  1.01315 -1.0267 0.251951
  1.01776 -1.01693 0.257036
  1.02246 -1.00718 0.262287
  1.02729 -0.997392 0.267709
  1.02704 -0.975242 0.241557
  1.02653 -0.965936 0.232824
  1.02998 -0.958152 0.238098
  1.03398 -0.950449 0.244987
  1.03826 -0.942646 0.252336
  1.04282 -0.934665 0.26005
  1.04672 -0.927516 0.267552
  1.05056 -0.920542 0.275187
  1.05455 -0.91351 0.283092
  1.05879 -0.906333 0.291335
  1.06248 -0.899826 0.299342
  1.066 -0.893604 0.307391
  1.06963 -0.887381 0.315696
  1.07255 -0.881959 0.323592
  1.07549 -0.876617 0.331658
  1.07638 -0.853142 0.307643
  1.07792 -0.846617 0.309488
  1.08048 -0.841545 0.317103
  1.08366 -0.836692 0.326698
  1.08664 -0.832408 0.336509
  1.0896 -0.828459 0.346697
  1.09281 -0.824519 0.357467
  1.09561 -0.820975 0.36781
  1.09823 -0.817672 0.37809
  1.10101 -0.814399 0.388789
  1.10179 -0.787734 0.365647
  1.10319 -0.783938 0.372031
  1.10513 -0.781754 0.382442
  1.10749 -0.779958 0.394478
  1.10964 -0.77849 0.40634
  1.11174 -0.777289 0.418362
  1.11323 -0.776375 0.429197
  1.11238 -0.753169 0.411299
  1.1121 -0.742956 0.407462
  1.1127 -0.738531 0.41255
  1.11403 -0.737678 0.423783
  1.11531 -0.738169 0.435925
  1.11677 -0.739351 0.449215
  1.11778 -0.740613 0.461262
  1.1189 -0.742082 0.473924
  1.12021 -0.743826 0.487541
  1.11636 -0.720467 0.4705
  1.11705 -0.722564 0.482457
  1.118 -0.725481 0.496043
  1.11921 -0.728956 0.51103
  1.12025 -0.732361 0.525461
  1.11492 -0.712675 0.513041
  1.113 -0.706133 0.515279
  1.11221 -0.704203 0.522769
  1.11264 -0.706981 0.536074
  1.11328 -0.710951 0.550164
  1.11421 -0.716263 0.565475
  1.11494 -0.721441 0.579737
  1.10576 -0.703694 0.56742
  1.10248 -0.699539 0.570361
  1.10075 -0.699371 0.577974
  1.10099 -0.704332 0.59178
  1.10167 -0.710424 0.606543
  1.10289 -0.717964 0.622555
  1.09171 -0.705213 0.613472
  1.08888 -0.705829 0.620043
  1.08831 -0.710112 0.630667
  1.08966 -0.717778 0.645294
  1.09129 -0.725551 0.659541
  1.08018 -0.713503 0.650507
  1.08175 -0.720645 0.663258
  1.08437 -0.729686 0.678341
  1.08671 -0.73768 0.691613
  1.07481 -0.723425 0.680014
  1.07247 -0.723849 0.684682
  1.0723 -0.72793 0.693527
  1.07607 -0.737493 0.707588
  1.08035 -0.748162 0.723057
  1.06775 -0.733572 0.710146
  1.06996 -0.741053 0.721874
  1.07504 -0.751703 0.736334
  1.08091 -0.763625 0.752266
  1.073 -0.751334 0.740987
  1.0767 -0.758762 0.751107
  1.08288 -0.770439 0.765503
  1.07576 -0.757985 0.753979
  1.08337 -0.772221 0.770812
  1.09441 -0.791497 0.792157  