
  2.16926e-05
  0.000117618
  0.000182963
  0.00026409
  0.000360108
  0.000470935
  0.000596438
  0.000736377
  0.000890457
  0.00105834
  0.00123968
  0.00143407
  0.00164111
  0.00186036
  0.00209136
  0.00233363
  0.00258667
  0.00284997
  0.003123
  0.00340524
  0.00369615
  0.00399518
  0.00430179
  0.00461543
  0.00493557
  0.00526165
  0.00559314
  0.00592949
  0.00627018
  0.00661466
  0.0069624
  0.00731289
  0.00766561
  0.00802003
  0.00837564
  0.00873194
  0.00908843
  0.0094446
  0.00979996
  0.010154
  0.0105063
  0.0108563
  0.0101265
  0.00999361
  0.0101232
  0.0103782
  0.0106907
  0.011027
  0.0113708
  0.0117142
  0.0120533
  0.0123864
  0.0127125
  0.0130309
  0.0133413
  0.0136432
  0.0139364
  0.0142205
  0.0144953
  0.0147606
  0.0150161
  0.0152615
  0.0154968
  0.0157217
  0.0159361
  0.0161399
  0.0163331
  0.0165154
  0.016687
  0.0168478
  0.0169978
  0.0171371
  0.0172657
  0.0173837
  0.0174913
  0.0175884
  0.0176754
  0.0177523
  0.0178194
  0.0178767
  0.0179245
  0.017963
  0.0179925
  0.018013
  0.0180248
  0.0180282
  0.0180233
  0.0180104
  0.0179896
  0.0179611
  0.0189873
  0.0189259
  0.0188447
  0.0187579
  0.018666
  0.0185693
  0.018468
  0.0183623
  0.0182523
  0.0181382
  0.0180202
  0.0178985
  0.0177732
  0.0176446
  0.0175129
  0.0173782
  0.0172408
  0.0171008
  0.0169584
  0.0168139
  0.0166675
  0.0165193
  0.0163697
  0.0162188
  0.0156144
  0.0154508
  0.0152892
  0.0151257
  0.014962
  0.0147985
  0.0146356
  0.0144733
  0.014312
  0.014152
  0.0139934
  0.0138364
  0.0136815
  0.0135287
  0.0133783
  0.0132305
  0.0130857
  0.0129439
  0.0128055
  0.0126707
  0.011317
  0.0111293
  0.0109986
  0.0108694
  0.0107433
  0.0106203
  0.0105006
  0.0103842
  0.010271
  0.0101611
  0.0100545
  0.00995111
  0.00985086
  0.0097537
  0.00965953
  0.00956827
  0.00947979
  0.00791078
  0.00779232
  0.00771755
  0.00764367
  0.00757042
  0.00749756
  0.00742482
  0.0073519
  0.00727851
  0.00720437
  0.00712919
  0.00705268
  0.00697455
  0.00689453
  0.00681231
  0.00572692
  0.00566353
  0.00561468
  0.00556321
  0.00550884
  0.00545146
  0.00539097
  0.00532735
  0.00526057
  0.00519053
  0.00511704
  0.00503987
  0.00495883
  0.00487367
  0.00460042
  0.0045601
  0.00451841
  0.00447384
  0.00442655
  0.00437678
  0.00432485
  0.0042711
  0.00421596
  0.00415993
  0.00410364
  0.00404796
  0.00399405
  0.00394353
  0.00389865
  0.00386268
  0.0046197
  0.00469602
  0.00480337
  0.00499312
  0.00534222
  0.00606171
  0.00806022
  0.00364852  