
  1.31322e-16 -2.6 2
  -0.00371057 -2.59999 1.99477
  -0.00409641 -2.59999 1.99441
  -0.00378612 -2.59999 1.99429
  -0.0031688 -2.59999 1.99409
  -0.00232849 -2.59999 1.99382
  -0.0012965 -2.59999 1.99348
  -8.83645e-05 -2.59998 1.99308
  0.0012876 -2.59998 1.99263
  0.00282683 -2.59998 1.99213
  0.00452676 -2.59997 1.99158
  0.00638592 -2.59997 1.99098
  0.00840341 -2.59996 1.99034
  0.0105786 -2.59994 1.98966
  0.0129112 -2.59993 1.98893
  0.0154007 -2.59991 1.98816
  0.0180469 -2.59988 1.98735
  0.0208495 -2.59985 1.98649
  0.0238082 -2.59981 1.9856
  0.0269228 -2.59976 1.98466
  0.030193 -2.59971 1.98369
  0.0336185 -2.59965 1.98267
  0.0371992 -2.59957 1.98162
  0.0409346 -2.59949 1.98053
  0.0448246 -2.5994 1.9794
  0.0488688 -2.59929 1.97823
  0.0530671 -2.59917 1.97703
  0.0574191 -2.59904 1.97578
  0.0619245 -2.59889 1.9745
  0.066583 -2.59872 1.97319
  0.0713945 -2.59853 1.97184
  0.0763585 -2.59833 1.97045
  0.0814747 -2.59811 1.96903
  0.0867429 -2.59786 1.96757
  0.0921627 -2.59759 1.96607
  0.0977338 -2.5973 1.96454
  0.103456 -2.59698 1.96298
  0.109329 -2.59664 1.96138
  0.115352 -2.59626 1.95974
  0.121525 -2.59586 1.95807
  0.127847 -2.59542 1.95637
  0.134318 -2.59495 1.95463
  0.140939 -2.59445 1.95285
  0.147707 -2.59391 1.95104
  0.154624 -2.59334 1.9492
  0.161688 -2.59272 1.94731
  0.168899 -2.59206 1.9454
  0.176256 -2.59136 1.94344
  0.183759 -2.59061 1.94146
  0.191408 -2.58982 1.93943
  0.199202 -2.58898 1.93737
  0.20714 -2.58808 1.93527
  0.215222 -2.58714 1.93314
  0.223447 -2.58614 1.93097
  0.231815 -2.58508 1.92876
  0.240324 -2.58396 1.92651
  0.248975 -2.58279 1.92422
  0.257766 -2.58155 1.9219
  0.266697 -2.58024 1.91954
  0.275767 -2.57887 1.91713
  0.284975 -2.57742 1.91469
  0.29432 -2.57591 1.9122
  0.303802 -2.57432 1.90968
  0.313419 -2.57265 1.90711
  0.32317 -2.5709 1.9045
  0.333056 -2.56907 1.90184
  0.343073 -2.56716 1.89914
  0.353222 -2.56516 1.8964
  0.363501 -2.56307 1.89361
  0.373909 -2.56089 1.89078
  0.384445 -2.55861 1.88789
  0.395108 -2.55624 1.88496
  0.405896 -2.55377 1.88199
  0.416808 -2.55119 1.87896
  0.427842 -2.54851 1.87588
  0.438997 -2.54572 1.87275
  0.450271 -2.54281 1.86957
  0.461663 -2.5398 1.86633
  0.473171 -2.53666 1.86304
  0.484793 -2.53341 1.85969
  0.496528 -2.53003 1.85629
  0.508373 -2.52653 1.85283
  0.520326 -2.52289 1.84931
  0.532387 -2.51913 1.84573
  0.544551 -2.51523 1.84209
  0.556818 -2.51119 1.83839
  0.569184 -2.507 1.83462
  0.581648 -2.50268 1.83079
  0.594207 -2.4982 1.82689
  0.606859 -2.49357 1.82293
  0.6196 -2.48879 1.8189
  0.632429 -2.48385 1.81479
  0.645341 -2.47875 1.81062
  0.658335 -2.47348 1.80637
  0.671407 -2.46804 1.80205
  0.684553 -2.46244 1.79765
  0.697772 -2.45665 1.79318
  0.711059 -2.45069 1.78863
  0.72441 -2.44455 1.784
  0.737823 -2.43822 1.77928
  0.751293 -2.4317 1.77449
  0.764817 -2.42499 1.76961
  0.77839 -2.41808 1.76464
  0.792008 -2.41098 1.75959
  0.805668 -2.40367 1.75445
  0.819364 -2.39615 1.74922
  0.833092 -2.38842 1.7439
  0.846848 -2.38048 1.73849
  0.860625 -2.37233 1.73298
  0.874421 -2.36395 1.72738
  0.883092 -2.35862 1.7262
  0.893372 -2.35213 1.72306
  0.903821 -2.34545 1.71967
  0.914356 -2.33861 1.71609
  0.924983 -2.33162 1.71235
  0.935714 -2.32445 1.70843
  0.946556 -2.31711 1.70433
  0.957516 -2.30957 1.70004
  0.968601 -2.30183 1.69556
  0.979818 -2.29389 1.69088
  0.991173 -2.28572 1.68599
  1.00267 -2.27731 1.68088
  1.01433 -2.26865 1.67553
  1.02614 -2.25973 1.66993
  1.03812 -2.25053 1.66406
  1.05029 -2.24103 1.65792
  1.06265 -2.2312 1.65147
  1.07521 -2.22104 1.6447
  1.08798 -2.2105 1.63759
  1.10099 -2.19957 1.63011
  1.11424 -2.18821 1.62223
  1.12775 -2.17638 1.61392
  1.14155 -2.16405 1.60515
  1.15302 -2.15431 1.6027
  1.16443 -2.14426 1.60083
  1.17595 -2.13381 1.59925
  1.18769 -2.12292 1.59784
  1.1997 -2.11154 1.59656
  1.21171 -2.10047 1.59743
  1.22421 -2.08858 1.59798
  1.23717 -2.07603 1.59863
  1.25063 -2.06276 1.5994
  1.26464 -2.04869 1.6003
  1.27924 -2.03374 1.60134
  1.2945 -2.01779 1.6025
  1.31046 -2.00073 1.60376
  1.32715 -1.98242 1.60511
  1.34462 -1.96274 1.60648
  1.36287 -1.94152 1.60783
  1.3819 -1.91862 1.60905
  1.40165 -1.8939 1.61003
  1.42203 -1.86724 1.61062
  1.4429 -1.83856 1.61064
  1.46406 -1.80781 1.6099
  1.48525 -1.77505 1.6082
  1.50616 -1.74036 1.60535
  1.52648 -1.70393 1.60119
  1.54585 -1.66602 1.59558
  1.56398 -1.62692 1.58847
  1.58058 -1.58693 1.57982
  1.59544 -1.54639 1.56967
  1.60841 -1.50557 1.55807
  1.61937 -1.46476 1.5451
  1.62828 -1.42416 1.53088
  1.6351 -1.384 1.5155
  1.63986 -1.34445 1.49908
  1.64259 -1.30567 1.48176
  1.64334 -1.2678 1.46365
  1.64218 -1.23097 1.44489
  1.6392 -1.19531 1.42561
  1.63449 -1.16091 1.40596
  1.62818 -1.12787 1.38607
  1.62036 -1.09626 1.36608
  1.61119 -1.06614 1.34613
  1.60079 -1.03752 1.32635
  1.58929 -1.01043 1.30685
  1.57683 -0.984838 1.28773
  1.56353 -0.960725 1.26909
  1.55146 -0.931275 1.24587
  1.53777 -0.904779 1.22122
  1.52333 -0.880313 1.19626
  1.50832 -0.857845 1.17157
  1.49282 -0.83731 1.14758
  1.47694 -0.818567 1.12456
  1.46072 -0.801438 1.10272
  1.44422 -0.785732 1.08217
  1.42747 -0.771268 1.06296
  1.41051 -0.75788 1.04512
  1.39336 -0.745423 1.02862
  1.37605 -0.733773 1.01344
  1.35858 -0.722828 0.999534
  1.34099 -0.7125 0.986852
  1.32329 -0.70272 0.975337
  1.30551 -0.693428 0.964932
  1.28766 -0.684578 0.955577
  1.26975 -0.676132 0.947218
  1.25181 -0.668057 0.939798
  1.23386 -0.660328 0.933267
  1.2159 -0.652925 0.927575
  1.19796 -0.645829 0.922678  