
  0.000160577 -2.6 1.99995
  0.000481436 -2.6 1.99984
  0.000962285 -2.6 1.99968
  0.00160284 -2.6 1.99948
  0.0024028 -2.6 1.99922
  0.0033619 -2.6 1.99891
  0.00447984 -2.59999 1.99856
  0.00575635 -2.59999 1.99816
  0.00719116 -2.59999 1.99771
  0.00878398 -2.59998 1.99722
  0.0105345 -2.59997 1.99668
  0.0124426 -2.59996 1.9961
  0.0145078 -2.59994 1.99547
  0.01673 -2.59992 1.9948
  0.0191088 -2.5999 1.99409
  0.0216441 -2.59987 1.99333
  0.0243354 -2.59984 1.99254
  0.0271827 -2.5998 1.9917
  0.0301855 -2.59975 1.99082
  0.0333437 -2.59969 1.98991
  0.0366569 -2.59963 1.98895
  0.0401249 -2.59956 1.98796
  0.0437474 -2.59947 1.98693
  0.0475242 -2.59938 1.98585
  0.051455 -2.59927 1.98475
  0.0555394 -2.59915 1.9836
  0.0597773 -2.59902 1.98242
  0.0641683 -2.59887 1.9812
  0.0687122 -2.5987 1.97994
  0.0734085 -2.59852 1.97865
  0.0782572 -2.59832 1.97733
  0.0832577 -2.59809 1.97596
  0.0884099 -2.59785 1.97457
  0.0937134 -2.59759 1.97313
  0.0991679 -2.5973 1.97167
  0.104773 -2.59698 1.97016
  0.110528 -2.59664 1.96863
  0.116434 -2.59627 1.96706
  0.122489 -2.59588 1.96545
  0.128693 -2.59545 1.96381
  0.135046 -2.59498 1.96213
  0.141547 -2.59449 1.96042
  0.148196 -2.59396 1.95868
  0.154993 -2.59339 1.9569
  0.161937 -2.59278 1.95508
  0.169028 -2.59213 1.95324
  0.176264 -2.59144 1.95135
  0.183647 -2.5907 1.94943
  0.191174 -2.58992 1.94748
  0.198846 -2.58909 1.94549
  0.206662 -2.58821 1.94346
  0.214622 -2.58728 1.9414
  0.222724 -2.58629 1.9393
  0.230969 -2.58525 1.93716
  0.239355 -2.58415 1.93499
  0.247882 -2.58299 1.93278
  0.256549 -2.58176 1.93053
  0.265356 -2.58048 1.92825
  0.274301 -2.57912 1.92592
  0.283384 -2.5777 1.92356
  0.292604 -2.5762 1.92115
  0.301959 -2.57463 1.91871
  0.31145 -2.57298 1.91622
  0.321076 -2.57126 1.91369
  0.330834 -2.56945 1.91112
  0.340724 -2.56756 1.90851
  0.350746 -2.56558 1.90586
  0.360897 -2.56352 1.90316
  0.371177 -2.56136 1.90041
  0.381585 -2.55911 1.89762
  0.392119 -2.55676 1.89478
  0.402777 -2.55432 1.8919
  0.413559 -2.55177 1.88896
  0.424463 -2.54911 1.88598
  0.435488 -2.54635 1.88295
  0.446632 -2.54347 1.87987
  0.457893 -2.54049 1.87673
  0.469269 -2.53738 1.87354
  0.48076 -2.53416 1.8703
  0.492362 -2.53081 1.86701
  0.504075 -2.52734 1.86365
  0.515895 -2.52374 1.86024
  0.527822 -2.52 1.85678
  0.539853 -2.51613 1.85325
  0.551985 -2.51212 1.84966
  0.564217 -2.50798 1.84601
  0.576546 -2.50368 1.8423
  0.588969 -2.49924 1.83852
  0.601484 -2.49465 1.83468
  0.614089 -2.4899 1.83077
  0.62678 -2.48499 1.82679
  0.639555 -2.47993 1.82275
  0.65241 -2.47469 1.81863
  0.665343 -2.46929 1.81444
  0.678351 -2.46372 1.81018
  0.691429 -2.45797 1.80584
  0.704576 -2.45205 1.80143
  0.717786 -2.44594 1.79694
  0.731057 -2.43965 1.79237
  0.744385 -2.43317 1.78772
  0.757765 -2.42649 1.78299
  0.771195 -2.41962 1.77817
  0.784669 -2.41256 1.77327
  0.798183 -2.40528 1.76828
  0.811734 -2.39781 1.76321
  0.825315 -2.39012 1.75804
  0.838923 -2.38222 1.75279
  0.852553 -2.3741 1.74744
  0.8662 -2.36577 1.742
  0.879858 -2.3572 1.73647
  0.893523 -2.34842 1.73084
  0.907188 -2.3394 1.72511
  0.920848 -2.33015 1.71928
  0.934498 -2.32066 1.71336
  0.948131 -2.31093 1.70733
  0.961741 -2.30096 1.70119
  0.975321 -2.29074 1.69496
  0.988866 -2.28028 1.68862
  1.00237 -2.26956 1.68217
  1.01582 -2.25858 1.67561
  1.02922 -2.24735 1.66895
  1.04256 -2.23585 1.66218
  1.05582 -2.22409 1.65529
  1.06901 -2.21206 1.64829
  1.08211 -2.19977 1.64118
  1.09511 -2.1872 1.63396
  1.10802 -2.17435 1.62662
  1.12081 -2.16123 1.61917
  1.13349 -2.14783 1.61161
  1.14603 -2.13415 1.60393
  1.15843 -2.1202 1.59614
  1.17069 -2.10596 1.58824
  1.18279 -2.09144 1.58024
  1.19472 -2.07664 1.57212
  1.20648 -2.06156 1.5639
  1.21805 -2.04618 1.55556
  1.22942 -2.03053 1.54713
  1.24058 -2.01459 1.5386
  1.25152 -1.99839 1.52998
  1.26221 -1.98193 1.52128
  1.27264 -1.96521 1.5125
  1.2828 -1.94825 1.50366
  1.29266 -1.93106 1.49475
  1.30222 -1.91364 1.4858
  1.31147 -1.89601 1.4768
  1.32037 -1.87817 1.46777
  1.32893 -1.86016 1.45872
  1.33712 -1.84197 1.44965
  1.34493 -1.82361 1.44057
  1.35234 -1.80512 1.43146
  1.35933 -1.78648 1.42233
  1.36589 -1.76772 1.41315
  1.372 -1.74884 1.40391
  1.37765 -1.72983 1.39457
  1.38281 -1.7107 1.38511
  1.38747 -1.69144 1.3755
  1.39162 -1.67207 1.36575
  1.39525 -1.65258 1.35583
  1.39834 -1.63297 1.34576
  1.4009 -1.61325 1.33555
  1.40292 -1.59343 1.3252
  1.4044 -1.5735 1.31473
  1.40534 -1.55347 1.30415
  1.40574 -1.53335 1.2935
  1.40561 -1.51315 1.28278
  1.40494 -1.49287 1.27202
  1.40372 -1.47252 1.26124
  1.40198 -1.45212 1.25045
  1.3997 -1.43168 1.23968
  1.39689 -1.41119 1.22894
  1.39355 -1.39068 1.21826
  1.38969 -1.37014 1.20764
  1.3853 -1.34958 1.1971
  1.38041 -1.32902 1.18667
  1.37501 -1.30846 1.17635
  1.3691 -1.28792 1.16617
  1.3627 -1.26739 1.15614
  1.3558 -1.24689 1.14628
  1.34843 -1.22643 1.13659
  1.34057 -1.20602 1.1271
  1.33225 -1.18566 1.11781
  1.32346 -1.16538 1.10875
  1.31423 -1.14517 1.09992
  1.30455 -1.12504 1.09133
  1.29443 -1.10501 1.083
  1.2839 -1.08509 1.07494
  1.27295 -1.06528 1.06716
  1.26159 -1.0456 1.05968
  1.24985 -1.02605 1.05249
  1.23772 -1.00666 1.04561
  1.22523 -0.987416 1.03905
  1.21238 -0.968347 1.03283
  1.19918 -0.949456 1.02693
  1.18566 -0.930754 1.02138
  1.17182 -0.912247 1.01618
  1.15767 -0.893944 1.01133
  1.14324 -0.875851 1.00684
  1.12853 -0.857975 1.00271
  1.11356 -0.840323 0.998951
  1.09834 -0.822899 0.995558
  1.08289 -0.805712 0.992535  