\BOOKMARK [1][-]{section.1}{Guide to Things}{}
\BOOKMARK [2][-]{subsection.1.1}{How to setup accounts, Ubuntu packages, external libs}{section.1}
\BOOKMARK [2][-]{subsection.1.2}{Guide to the robot hardware \(Marc \046 Stanio\)}{section.1}
\BOOKMARK [2][-]{subsection.1.3}{Guide to BiROS \(parallel processing architecture\) \(Marc\)}{section.1}
\BOOKMARK [3][-]{subsubsection.1.3.1}{Where to start learning}{subsection.1.3}
\BOOKMARK [3][-]{subsubsection.1.3.2}{Status: the basic mechanisms in process.h are robust and reliable. }{subsection.1.3}
\BOOKMARK [2][-]{subsection.1.4}{Guide to ORS \(robot simulation data structures\) \(Marc\)}{section.1}
\BOOKMARK [3][-]{subsubsection.1.4.1}{Where to start learning about ORS}{subsection.1.4}
\BOOKMARK [2][-]{subsection.1.5}{Guide to SOC \046 AICO \(Stochastic Optimal Control and motion planning routines\) \(Marc\)}{section.1}
\BOOKMARK [2][-]{subsection.1.6}{Guide to the Array class \(the data structure most used throughout for vectors, matricies, tensors, lists, graphs, etc\)}{section.1}
\BOOKMARK [3][-]{subsubsection.1.6.1}{Tip: Debugging with arrays}{subsection.1.6}
\BOOKMARK [3][-]{subsubsection.1.6.2}{Important conventions}{subsection.1.6}
\BOOKMARK [3][-]{subsubsection.1.6.3}{Where to start learning}{subsection.1.6}
\BOOKMARK [3][-]{subsubsection.1.6.4}{Future changes:}{subsection.1.6}
\BOOKMARK [2][-]{subsection.1.7}{Guide to the visual perception software}{section.1}
\BOOKMARK [2][-]{subsection.1.8}{Guide to further existing software}{section.1}
\BOOKMARK [3][-]{subsubsection.1.8.1}{Optimization methods \(Marc\)}{subsection.1.8}
\BOOKMARK [3][-]{subsubsection.1.8.2}{Inference and Machine Learning methods \(Marc\)}{subsection.1.8}
\BOOKMARK [3][-]{subsubsection.1.8.3}{Computer Vision methods \(Marc\)}{subsection.1.8}
\BOOKMARK [3][-]{subsubsection.1.8.4}{Robotics algorithms \(Nikolay \046 Marc\)}{subsection.1.8}
\BOOKMARK [3][-]{subsubsection.1.8.5}{Relational RL \(Tobias\)}{subsection.1.8}
\BOOKMARK [3][-]{subsubsection.1.8.6}{coding utilities}{subsection.1.8}
\BOOKMARK [1][-]{section.2}{How To do things}{}
\BOOKMARK [2][-]{subsection.2.1}{git workflow}{section.2}
\BOOKMARK [2][-]{subsection.2.2}{svn workflow}{section.2}
\BOOKMARK [2][-]{subsection.2.3}{LaTeX Conventions}{section.2}
\BOOKMARK [3][-]{subsubsection.2.3.1}{References}{subsection.2.3}
\BOOKMARK [3][-]{subsubsection.2.3.2}{Generating figures / graphical models}{subsection.2.3}
\BOOKMARK [3][-]{subsubsection.2.3.3}{Space tricks}{subsection.2.3}
\BOOKMARK [3][-]{subsubsection.2.3.4}{Generating pseudo code}{subsection.2.3}
\BOOKMARK [2][-]{subsection.2.4}{Coding Conventions}{section.2}
\BOOKMARK [1][-]{section.3}{Points to improve the code}{}
\BOOKMARK [2][-]{subsection.3.1}{Marc's older notes for code}{section.3}
\BOOKMARK [2][-]{subsection.3.2}{Nikolay's ideas for vision}{section.3}
